*******************************************************************
 Using the default of SSL_verify_mode of SSL_VERIFY_NONE for client
 is deprecated! Please set SSL_verify_mode to SSL_VERIFY_PEER
 together with SSL_ca_file|SSL_ca_path for verification.
 If you really don't want to verify the certificate and keep the
 connection open to Man-In-The-Middle attacks please set
 SSL_verify_mode explicitly to SSL_VERIFY_NONE in your application.
*******************************************************************
  at /usr/local/ActivePerl-5.16/site/lib/Email/Send/Gmail.pm line 36.
Use of uninitialized value $path in join or string at /usr/local/ActivePerl-5.16/site/lib/XML/XPathEngine.pm line 239.
Use of uninitialized value $path in study at /usr/local/ActivePerl-5.16/site/lib/XML/XPathEngine.pm line 267.
Use of uninitialized value in numeric lt (<) at /usr/local/ActivePerl-5.16/site/lib/XML/XPathEngine.pm line 319.
Use of uninitialized value in numeric lt (<) at /usr/local/ActivePerl-5.16/site/lib/XML/XPathEngine.pm line 319.
Use of uninitialized value $test in pattern match (m//) at /usr/local/ActivePerl-5.16/site/lib/XML/XPathEngine.pm line 569.
Use of uninitialized value in die at /usr/local/ActivePerl-5.16/site/lib/XML/XPathEngine.pm line 662.
Not a _primary_expr at 
Use of uninitialized value $path in join or string at /usr/local/ActivePerl-5.16/site/lib/XML/XPathEngine.pm line 239.
Use of uninitialized value $path in study at /usr/local/ActivePerl-5.16/site/lib/XML/XPathEngine.pm line 267.
Use of uninitialized value in numeric lt (<) at /usr/local/ActivePerl-5.16/site/lib/XML/XPathEngine.pm line 319.
Use of uninitialized value in numeric lt (<) at /usr/local/ActivePerl-5.16/site/lib/XML/XPathEngine.pm line 319.
Use of uninitialized value $test in pattern match (m//) at /usr/local/ActivePerl-5.16/site/lib/XML/XPathEngine.pm line 569.
Use of uninitialized value in die at /usr/local/ActivePerl-5.16/site/lib/XML/XPathEngine.pm line 662.
Not a _primary_expr at 
Use of uninitialized value $path in join or string at /usr/local/ActivePerl-5.16/site/lib/XML/XPathEngine.pm line 239.
Use of uninitialized value $path in study at /usr/local/ActivePerl-5.16/site/lib/XML/XPathEngine.pm line 267.
Use of uninitialized value in numeric lt (<) at /usr/local/ActivePerl-5.16/site/lib/XML/XPathEngine.pm line 319.
Use of uninitialized value in numeric lt (<) at /usr/local/ActivePerl-5.16/site/lib/XML/XPathEngine.pm line 319.
Use of uninitialized value $test in pattern match (m//) at /usr/local/ActivePerl-5.16/site/lib/XML/XPathEngine.pm line 569.
Use of uninitialized value in die at /usr/local/ActivePerl-5.16/site/lib/XML/XPathEngine.pm line 662.
Not a _primary_expr at 
Use of uninitialized value $path in join or string at /usr/local/ActivePerl-5.16/site/lib/XML/XPathEngine.pm line 239.
Use of uninitialized value $path in study at /usr/local/ActivePerl-5.16/site/lib/XML/XPathEngine.pm line 267.
Use of uninitialized value in numeric lt (<) at /usr/local/ActivePerl-5.16/site/lib/XML/XPathEngine.pm line 319.
Use of uninitialized value in numeric lt (<) at /usr/local/ActivePerl-5.16/site/lib/XML/XPathEngine.pm line 319.
Use of uninitialized value $test in pattern match (m//) at /usr/local/ActivePerl-5.16/site/lib/XML/XPathEngine.pm line 569.
Use of uninitialized value in die at /usr/local/ActivePerl-5.16/site/lib/XML/XPathEngine.pm line 662.
Not a _primary_expr at 
Use of uninitialized value $path in join or string at /usr/local/ActivePerl-5.16/site/lib/XML/XPathEngine.pm line 239.
Use of uninitialized value $path in study at /usr/local/ActivePerl-5.16/site/lib/XML/XPathEngine.pm line 267.
Use of uninitialized value in numeric lt (<) at /usr/local/ActivePerl-5.16/site/lib/XML/XPathEngine.pm line 319.
Use of uninitialized value in numeric lt (<) at /usr/local/ActivePerl-5.16/site/lib/XML/XPathEngine.pm line 319.
Use of uninitialized value $test in pattern match (m//) at /usr/local/ActivePerl-5.16/site/lib/XML/XPathEngine.pm line 569.
Use of uninitialized value in die at /usr/local/ActivePerl-5.16/site/lib/XML/XPathEngine.pm line 662.
Not a _primary_expr at 
Use of uninitialized value $path in join or string at /usr/local/ActivePerl-5.16/site/lib/XML/XPathEngine.pm line 239.
Use of uninitialized value $path in study at /usr/local/ActivePerl-5.16/site/lib/XML/XPathEngine.pm line 267.
Use of uninitialized value in numeric lt (<) at /usr/local/ActivePerl-5.16/site/lib/XML/XPathEngine.pm line 319.
Use of uninitialized value in numeric lt (<) at /usr/local/ActivePerl-5.16/site/lib/XML/XPathEngine.pm line 319.
Use of uninitialized value $test in pattern match (m//) at /usr/local/ActivePerl-5.16/site/lib/XML/XPathEngine.pm line 569.
Use of uninitialized value in die at /usr/local/ActivePerl-5.16/site/lib/XML/XPathEngine.pm line 662.
Not a _primary_expr at 
Use of uninitialized value $path in join or string at /usr/local/ActivePerl-5.16/site/lib/XML/XPathEngine.pm line 239.
Use of uninitialized value $path in study at /usr/local/ActivePerl-5.16/site/lib/XML/XPathEngine.pm line 267.
Use of uninitialized value in numeric lt (<) at /usr/local/ActivePerl-5.16/site/lib/XML/XPathEngine.pm line 319.
Use of uninitialized value in numeric lt (<) at /usr/local/ActivePerl-5.16/site/lib/XML/XPathEngine.pm line 319.
Use of uninitialized value $test in pattern match (m//) at /usr/local/ActivePerl-5.16/site/lib/XML/XPathEngine.pm line 569.
Use of uninitialized value in die at /usr/local/ActivePerl-5.16/site/lib/XML/XPathEngine.pm line 662.
Not a _primary_expr at 
couldn't connect to server localhost:27017 at /usr/local/ActivePerl-5.16/site/lib/MongoDB/MongoClient.pm line 228.
couldn't connect to server localhost:27017 at /usr/local/ActivePerl-5.16/site/lib/MongoDB/MongoClient.pm line 228.
couldn't connect to server localhost:27017 at /usr/local/ActivePerl-5.16/site/lib/MongoDB/MongoClient.pm line 228.
couldn't connect to server localhost:27017 at /usr/local/ActivePerl-5.16/site/lib/MongoDB/MongoClient.pm line 228.
couldn't connect to server localhost:27017 at /usr/local/ActivePerl-5.16/site/lib/MongoDB/MongoClient.pm line 228.
couldn't connect to server localhost:27017 at /usr/local/ActivePerl-5.16/site/lib/MongoDB/MongoClient.pm line 228.
couldn't connect to server localhost:27017 at /usr/local/ActivePerl-5.16/site/lib/MongoDB/MongoClient.pm line 228.
couldn't connect to server localhost:27017 at /usr/local/ActivePerl-5.16/site/lib/MongoDB/MongoClient.pm line 228.
couldn't connect to server localhost:27017 at /usr/local/ActivePerl-5.16/site/lib/MongoDB/MongoClient.pm line 228.
couldn't connect to server localhost:27017 at /usr/local/ActivePerl-5.16/site/lib/MongoDB/MongoClient.pm line 228.
couldn't connect to server localhost:27017 at /usr/local/ActivePerl-5.16/site/lib/MongoDB/MongoClient.pm line 228.
couldn't connect to server localhost:27017 at /usr/local/ActivePerl-5.16/site/lib/MongoDB/MongoClient.pm line 228.
couldn't connect to server localhost:27017 at /usr/local/ActivePerl-5.16/site/lib/MongoDB/MongoClient.pm line 228.
couldn't connect to server localhost:27017 at /usr/local/ActivePerl-5.16/site/lib/MongoDB/MongoClient.pm line 228.
couldn't connect to server localhost:27017 at /usr/local/ActivePerl-5.16/site/lib/MongoDB/MongoClient.pm line 228.
couldn't connect to server localhost:27017 at /usr/local/ActivePerl-5.16/site/lib/MongoDB/MongoClient.pm line 228.
couldn't connect to server localhost:27017 at /usr/local/ActivePerl-5.16/site/lib/MongoDB/MongoClient.pm line 228.
couldn't connect to server localhost:27017 at /usr/local/ActivePerl-5.16/site/lib/MongoDB/MongoClient.pm line 228.
couldn't connect to server localhost:27017 at /usr/local/ActivePerl-5.16/site/lib/MongoDB/MongoClient.pm line 228.
couldn't connect to server localhost:27017 at /usr/local/ActivePerl-5.16/site/lib/MongoDB/MongoClient.pm line 228.
couldn't connect to server localhost:27017 at /usr/local/ActivePerl-5.16/site/lib/MongoDB/MongoClient.pm line 228.
couldn't connect to server localhost:27017 at /usr/local/ActivePerl-5.16/site/lib/MongoDB/MongoClient.pm line 228.
couldn't connect to server localhost:27017 at /usr/local/ActivePerl-5.16/site/lib/MongoDB/MongoClient.pm line 228.
couldn't connect to server localhost:27017 at /usr/local/ActivePerl-5.16/site/lib/MongoDB/MongoClient.pm line 228.
couldn't connect to server localhost:27017 at /usr/local/ActivePerl-5.16/site/lib/MongoDB/MongoClient.pm line 228.
couldn't connect to server localhost:27017 at /usr/local/ActivePerl-5.16/site/lib/MongoDB/MongoClient.pm line 228.
couldn't connect to server localhost:27017 at /usr/local/ActivePerl-5.16/site/lib/MongoDB/MongoClient.pm line 228.
couldn't connect to server localhost:27017 at /usr/local/ActivePerl-5.16/site/lib/MongoDB/MongoClient.pm line 228.
couldn't connect to server localhost:27017 at /usr/local/ActivePerl-5.16/site/lib/MongoDB/MongoClient.pm line 228.
couldn't connect to server localhost:27017 at /usr/local/ActivePerl-5.16/site/lib/MongoDB/MongoClient.pm line 228.
couldn't connect to server localhost:27017 at /usr/local/ActivePerl-5.16/site/lib/MongoDB/MongoClient.pm line 228.
couldn't connect to server localhost:27017 at /usr/local/ActivePerl-5.16/site/lib/MongoDB/MongoClient.pm line 228.
couldn't connect to server localhost:27017 at /usr/local/ActivePerl-5.16/site/lib/MongoDB/MongoClient.pm line 228.
couldn't connect to server localhost:27017 at /usr/local/ActivePerl-5.16/site/lib/MongoDB/MongoClient.pm line 228.
couldn't connect to server localhost:27017 at /usr/local/ActivePerl-5.16/site/lib/MongoDB/MongoClient.pm line 228.
couldn't connect to server localhost:27017 at /usr/local/ActivePerl-5.16/site/lib/MongoDB/MongoClient.pm line 228.
couldn't connect to server localhost:27017 at /usr/local/ActivePerl-5.16/site/lib/MongoDB/MongoClient.pm line 228.
couldn't connect to server localhost:27017 at /usr/local/ActivePerl-5.16/site/lib/MongoDB/MongoClient.pm line 228.
couldn't connect to server localhost:27017 at /usr/local/ActivePerl-5.16/site/lib/MongoDB/MongoClient.pm line 228.
couldn't connect to server localhost:27017 at /usr/local/ActivePerl-5.16/site/lib/MongoDB/MongoClient.pm line 228.
couldn't connect to server localhost:27017 at /usr/local/ActivePerl-5.16/site/lib/MongoDB/MongoClient.pm line 228.
couldn't connect to server localhost:27017 at /usr/local/ActivePerl-5.16/site/lib/MongoDB/MongoClient.pm line 228.
couldn't connect to server localhost:27017 at /usr/local/ActivePerl-5.16/site/lib/MongoDB/MongoClient.pm line 228.
couldn't connect to server localhost:27017 at /usr/local/ActivePerl-5.16/site/lib/MongoDB/MongoClient.pm line 228.
couldn't connect to server localhost:27017 at /usr/local/ActivePerl-5.16/site/lib/MongoDB/MongoClient.pm line 228.
couldn't connect to server localhost:27017 at /usr/local/ActivePerl-5.16/site/lib/MongoDB/MongoClient.pm line 228.
couldn't connect to server localhost:27017 at /usr/local/ActivePerl-5.16/site/lib/MongoDB/MongoClient.pm line 228.
couldn't connect to server localhost:27017 at /usr/local/ActivePerl-5.16/site/lib/MongoDB/MongoClient.pm line 228.
couldn't connect to server localhost:27017 at /usr/local/ActivePerl-5.16/site/lib/MongoDB/MongoClient.pm line 228.
couldn't connect to server localhost:27017 at /usr/local/ActivePerl-5.16/site/lib/MongoDB/MongoClient.pm line 228.
couldn't connect to server localhost:27017 at /usr/local/ActivePerl-5.16/site/lib/MongoDB/MongoClient.pm line 228.
couldn't connect to server localhost:27017 at /usr/local/ActivePerl-5.16/site/lib/MongoDB/MongoClient.pm line 228.
couldn't connect to server localhost:27017 at /usr/local/ActivePerl-5.16/site/lib/MongoDB/MongoClient.pm line 228.
couldn't connect to server localhost:27017 at /usr/local/ActivePerl-5.16/site/lib/MongoDB/MongoClient.pm line 228.
couldn't connect to server localhost:27017 at /usr/local/ActivePerl-5.16/site/lib/MongoDB/MongoClient.pm line 228.
couldn't connect to server localhost:27017 at /usr/local/ActivePerl-5.16/site/lib/MongoDB/MongoClient.pm line 228.
couldn't connect to server localhost:27017 at /usr/local/ActivePerl-5.16/site/lib/MongoDB/MongoClient.pm line 228.
couldn't connect to server localhost:27017 at /usr/local/ActivePerl-5.16/site/lib/MongoDB/MongoClient.pm line 228.
couldn't connect to server localhost:27017 at /usr/local/ActivePerl-5.16/site/lib/MongoDB/MongoClient.pm line 228.
couldn't connect to server localhost:27017 at /usr/local/ActivePerl-5.16/site/lib/MongoDB/MongoClient.pm line 228.
couldn't connect to server localhost:27017 at /usr/local/ActivePerl-5.16/site/lib/MongoDB/MongoClient.pm line 228.
couldn't connect to server localhost:27017 at /usr/local/ActivePerl-5.16/site/lib/MongoDB/MongoClient.pm line 228.
couldn't connect to server localhost:27017 at /usr/local/ActivePerl-5.16/site/lib/MongoDB/MongoClient.pm line 228.
couldn't connect to server localhost:27017 at /usr/local/ActivePerl-5.16/site/lib/MongoDB/MongoClient.pm line 228.
couldn't connect to server localhost:27017 at /usr/local/ActivePerl-5.16/site/lib/MongoDB/MongoClient.pm line 228.
couldn't connect to server localhost:27017 at /usr/local/ActivePerl-5.16/site/lib/MongoDB/MongoClient.pm line 228.
couldn't connect to server localhost:27017 at /usr/local/ActivePerl-5.16/site/lib/MongoDB/MongoClient.pm line 228.
couldn't connect to server localhost:27017 at /usr/local/ActivePerl-5.16/site/lib/MongoDB/MongoClient.pm line 228.
couldn't connect to server localhost:27017 at /usr/local/ActivePerl-5.16/site/lib/MongoDB/MongoClient.pm line 228.
couldn't connect to server localhost:27017 at /usr/local/ActivePerl-5.16/site/lib/MongoDB/MongoClient.pm line 228.
couldn't connect to server localhost:27017 at /usr/local/ActivePerl-5.16/site/lib/MongoDB/MongoClient.pm line 228.
couldn't connect to server localhost:27017 at /usr/local/ActivePerl-5.16/site/lib/MongoDB/MongoClient.pm line 228.
couldn't connect to server localhost:27017 at /usr/local/ActivePerl-5.16/site/lib/MongoDB/MongoClient.pm line 228.
couldn't connect to server localhost:27017 at /usr/local/ActivePerl-5.16/site/lib/MongoDB/MongoClient.pm line 228.
couldn't connect to server localhost:27017 at /usr/local/ActivePerl-5.16/site/lib/MongoDB/MongoClient.pm line 228.
couldn't connect to server localhost:27017 at /usr/local/ActivePerl-5.16/site/lib/MongoDB/MongoClient.pm line 228.
couldn't connect to server localhost:27017 at /usr/local/ActivePerl-5.16/site/lib/MongoDB/MongoClient.pm line 228.
couldn't connect to server localhost:27017 at /usr/local/ActivePerl-5.16/site/lib/MongoDB/MongoClient.pm line 228.
couldn't connect to server localhost:27017 at /usr/local/ActivePerl-5.16/site/lib/MongoDB/MongoClient.pm line 228.
couldn't connect to server localhost:27017 at /usr/local/ActivePerl-5.16/site/lib/MongoDB/MongoClient.pm line 228.
couldn't connect to server localhost:27017 at /usr/local/ActivePerl-5.16/site/lib/MongoDB/MongoClient.pm line 228.
couldn't connect to server localhost:27017 at /usr/local/ActivePerl-5.16/site/lib/MongoDB/MongoClient.pm line 228.
couldn't connect to server localhost:27017 at /usr/local/ActivePerl-5.16/site/lib/MongoDB/MongoClient.pm line 228.
couldn't connect to server localhost:27017 at /usr/local/ActivePerl-5.16/site/lib/MongoDB/MongoClient.pm line 228.
couldn't connect to server localhost:27017 at /usr/local/ActivePerl-5.16/site/lib/MongoDB/MongoClient.pm line 228.
couldn't connect to server localhost:27017 at /usr/local/ActivePerl-5.16/site/lib/MongoDB/MongoClient.pm line 228.
couldn't connect to server localhost:27017 at /usr/local/ActivePerl-5.16/site/lib/MongoDB/MongoClient.pm line 228.
couldn't connect to server localhost:27017 at /usr/local/ActivePerl-5.16/site/lib/MongoDB/MongoClient.pm line 228.
couldn't connect to server localhost:27017 at /usr/local/ActivePerl-5.16/site/lib/MongoDB/MongoClient.pm line 228.
couldn't connect to server localhost:27017 at /usr/local/ActivePerl-5.16/site/lib/MongoDB/MongoClient.pm line 228.
couldn't connect to server localhost:27017 at /usr/local/ActivePerl-5.16/site/lib/MongoDB/MongoClient.pm line 228.
couldn't connect to server localhost:27017 at /usr/local/ActivePerl-5.16/site/lib/MongoDB/MongoClient.pm line 228.
couldn't connect to server localhost:27017 at /usr/local/ActivePerl-5.16/site/lib/MongoDB/MongoClient.pm line 228.
couldn't connect to server localhost:27017 at /usr/local/ActivePerl-5.16/site/lib/MongoDB/MongoClient.pm line 228.
couldn't connect to server localhost:27017 at /usr/local/ActivePerl-5.16/site/lib/MongoDB/MongoClient.pm line 228.
couldn't connect to server localhost:27017 at /usr/local/ActivePerl-5.16/site/lib/MongoDB/MongoClient.pm line 228.
couldn't connect to server localhost:27017 at /usr/local/ActivePerl-5.16/site/lib/MongoDB/MongoClient.pm line 228.
couldn't connect to server localhost:27017 at /usr/local/ActivePerl-5.16/site/lib/MongoDB/MongoClient.pm line 228.
couldn't connect to server localhost:27017 at /usr/local/ActivePerl-5.16/site/lib/MongoDB/MongoClient.pm line 228.
couldn't connect to server localhost:27017 at /usr/local/ActivePerl-5.16/site/lib/MongoDB/MongoClient.pm line 228.
couldn't connect to server localhost:27017 at /usr/local/ActivePerl-5.16/site/lib/MongoDB/MongoClient.pm line 228.
couldn't connect to server localhost:27017 at /usr/local/ActivePerl-5.16/site/lib/MongoDB/MongoClient.pm line 228.
couldn't connect to server localhost:27017 at /usr/local/ActivePerl-5.16/site/lib/MongoDB/MongoClient.pm line 228.
couldn't connect to server localhost:27017 at /usr/local/ActivePerl-5.16/site/lib/MongoDB/MongoClient.pm line 228.
couldn't connect to server localhost:27017 at /usr/local/ActivePerl-5.16/site/lib/MongoDB/MongoClient.pm line 228.
couldn't connect to server localhost:27017 at /usr/local/ActivePerl-5.16/site/lib/MongoDB/MongoClient.pm line 228.
couldn't connect to server localhost:27017 at /usr/local/ActivePerl-5.16/site/lib/MongoDB/MongoClient.pm line 228.
couldn't connect to server localhost:27017 at /usr/local/ActivePerl-5.16/site/lib/MongoDB/MongoClient.pm line 228.
couldn't connect to server localhost:27017 at /usr/local/ActivePerl-5.16/site/lib/MongoDB/MongoClient.pm line 228.
couldn't connect to server localhost:27017 at /usr/local/ActivePerl-5.16/site/lib/MongoDB/MongoClient.pm line 228.
couldn't connect to server localhost:27017 at /usr/local/ActivePerl-5.16/site/lib/MongoDB/MongoClient.pm line 228.
couldn't connect to server localhost:27017 at /usr/local/ActivePerl-5.16/site/lib/MongoDB/MongoClient.pm line 228.
couldn't connect to server localhost:27017 at /usr/local/ActivePerl-5.16/site/lib/MongoDB/MongoClient.pm line 228.
couldn't connect to server localhost:27017 at /usr/local/ActivePerl-5.16/site/lib/MongoDB/MongoClient.pm line 228.
couldn't connect to server localhost:27017 at /usr/local/ActivePerl-5.16/site/lib/MongoDB/MongoClient.pm line 228.
couldn't connect to server localhost:27017 at /usr/local/ActivePerl-5.16/site/lib/MongoDB/MongoClient.pm line 228.
couldn't connect to server localhost:27017 at /usr/local/ActivePerl-5.16/site/lib/MongoDB/MongoClient.pm line 228.
couldn't connect to server localhost:27017 at /usr/local/ActivePerl-5.16/site/lib/MongoDB/MongoClient.pm line 228.
couldn't connect to server localhost:27017 at /usr/local/ActivePerl-5.16/site/lib/MongoDB/MongoClient.pm line 228.
couldn't connect to server localhost:27017 at /usr/local/ActivePerl-5.16/site/lib/MongoDB/MongoClient.pm line 228.
couldn't connect to server localhost:27017 at /usr/local/ActivePerl-5.16/site/lib/MongoDB/MongoClient.pm line 228.
couldn't connect to server localhost:27017 at /usr/local/ActivePerl-5.16/site/lib/MongoDB/MongoClient.pm line 228.
couldn't connect to server localhost:27017 at /usr/local/ActivePerl-5.16/site/lib/MongoDB/MongoClient.pm line 228.
couldn't connect to server localhost:27017 at /usr/local/ActivePerl-5.16/site/lib/MongoDB/MongoClient.pm line 228.
couldn't connect to server localhost:27017 at /usr/local/ActivePerl-5.16/site/lib/MongoDB/MongoClient.pm line 228.
couldn't connect to server localhost:27017 at /usr/local/ActivePerl-5.16/site/lib/MongoDB/MongoClient.pm line 228.
couldn't connect to server localhost:27017 at /usr/local/ActivePerl-5.16/site/lib/MongoDB/MongoClient.pm line 228.
couldn't connect to server localhost:27017 at /usr/local/ActivePerl-5.16/site/lib/MongoDB/MongoClient.pm line 228.
couldn't connect to server localhost:27017 at /usr/local/ActivePerl-5.16/site/lib/MongoDB/MongoClient.pm line 228.
couldn't connect to server localhost:27017 at /usr/local/ActivePerl-5.16/site/lib/MongoDB/MongoClient.pm line 228.
couldn't connect to server localhost:27017 at /usr/local/ActivePerl-5.16/site/lib/MongoDB/MongoClient.pm line 228.
couldn't connect to server localhost:27017 at /usr/local/ActivePerl-5.16/site/lib/MongoDB/MongoClient.pm line 228.
couldn't connect to server localhost:27017 at /usr/local/ActivePerl-5.16/site/lib/MongoDB/MongoClient.pm line 228.
couldn't connect to server localhost:27017 at /usr/local/ActivePerl-5.16/site/lib/MongoDB/MongoClient.pm line 228.
couldn't connect to server localhost:27017 at /usr/local/ActivePerl-5.16/site/lib/MongoDB/MongoClient.pm line 228.
couldn't connect to server localhost:27017 at /usr/local/ActivePerl-5.16/site/lib/MongoDB/MongoClient.pm line 228.
couldn't connect to server localhost:27017 at /usr/local/ActivePerl-5.16/site/lib/MongoDB/MongoClient.pm line 228.
couldn't connect to server localhost:27017 at /usr/local/ActivePerl-5.16/site/lib/MongoDB/MongoClient.pm line 228.
couldn't connect to server localhost:27017 at /usr/local/ActivePerl-5.16/site/lib/MongoDB/MongoClient.pm line 228.
couldn't connect to server localhost:27017 at /usr/local/ActivePerl-5.16/site/lib/MongoDB/MongoClient.pm line 228.
couldn't connect to server localhost:27017 at /usr/local/ActivePerl-5.16/site/lib/MongoDB/MongoClient.pm line 228.
couldn't connect to server localhost:27017 at /usr/local/ActivePerl-5.16/site/lib/MongoDB/MongoClient.pm line 228.
couldn't connect to server localhost:27017 at /usr/local/ActivePerl-5.16/site/lib/MongoDB/MongoClient.pm line 228.
couldn't connect to server localhost:27017 at /usr/local/ActivePerl-5.16/site/lib/MongoDB/MongoClient.pm line 228.
couldn't connect to server localhost:27017 at /usr/local/ActivePerl-5.16/site/lib/MongoDB/MongoClient.pm line 228.
couldn't connect to server localhost:27017 at /usr/local/ActivePerl-5.16/site/lib/MongoDB/MongoClient.pm line 228.
couldn't connect to server localhost:27017 at /usr/local/ActivePerl-5.16/site/lib/MongoDB/MongoClient.pm line 228.
couldn't connect to server localhost:27017 at /usr/local/ActivePerl-5.16/site/lib/MongoDB/MongoClient.pm line 228.
couldn't connect to server localhost:27017 at /usr/local/ActivePerl-5.16/site/lib/MongoDB/MongoClient.pm line 228.
couldn't connect to server localhost:27017 at /usr/local/ActivePerl-5.16/site/lib/MongoDB/MongoClient.pm line 228.
couldn't connect to server localhost:27017 at /usr/local/ActivePerl-5.16/site/lib/MongoDB/MongoClient.pm line 228.
couldn't connect to server localhost:27017 at /usr/local/ActivePerl-5.16/site/lib/MongoDB/MongoClient.pm line 228.
couldn't connect to server localhost:27017 at /usr/local/ActivePerl-5.16/site/lib/MongoDB/MongoClient.pm line 228.
couldn't connect to server localhost:27017 at /usr/local/ActivePerl-5.16/site/lib/MongoDB/MongoClient.pm line 228.
couldn't connect to server localhost:27017 at /usr/local/ActivePerl-5.16/site/lib/MongoDB/MongoClient.pm line 228.
couldn't connect to server localhost:27017 at /usr/local/ActivePerl-5.16/site/lib/MongoDB/MongoClient.pm line 228.
couldn't connect to server localhost:27017 at /usr/local/ActivePerl-5.16/site/lib/MongoDB/MongoClient.pm line 228.
couldn't connect to server localhost:27017 at /usr/local/ActivePerl-5.16/site/lib/MongoDB/MongoClient.pm line 228.
couldn't connect to server localhost:27017 at /usr/local/ActivePerl-5.16/site/lib/MongoDB/MongoClient.pm line 228.
couldn't connect to server localhost:27017 at /usr/local/ActivePerl-5.16/site/lib/MongoDB/MongoClient.pm line 228.
couldn't connect to server localhost:27017 at /usr/local/ActivePerl-5.16/site/lib/MongoDB/MongoClient.pm line 228.
couldn't connect to server localhost:27017 at /usr/local/ActivePerl-5.16/site/lib/MongoDB/MongoClient.pm line 228.
couldn't connect to server localhost:27017 at /usr/local/ActivePerl-5.16/site/lib/MongoDB/MongoClient.pm line 228.
couldn't connect to server localhost:27017 at /usr/local/ActivePerl-5.16/site/lib/MongoDB/MongoClient.pm line 228.
couldn't connect to server localhost:27017 at /usr/local/ActivePerl-5.16/site/lib/MongoDB/MongoClient.pm line 228.
couldn't connect to server localhost:27017 at /usr/local/ActivePerl-5.16/site/lib/MongoDB/MongoClient.pm line 228.
couldn't connect to server localhost:27017 at /usr/local/ActivePerl-5.16/site/lib/MongoDB/MongoClient.pm line 228.
couldn't connect to server localhost:27017 at /usr/local/ActivePerl-5.16/site/lib/MongoDB/MongoClient.pm line 228.
couldn't connect to server localhost:27017 at /usr/local/ActivePerl-5.16/site/lib/MongoDB/MongoClient.pm line 228.
couldn't connect to server localhost:27017 at /usr/local/ActivePerl-5.16/site/lib/MongoDB/MongoClient.pm line 228.
couldn't connect to server localhost:27017 at /usr/local/ActivePerl-5.16/site/lib/MongoDB/MongoClient.pm line 228.
couldn't connect to server localhost:27017 at /usr/local/ActivePerl-5.16/site/lib/MongoDB/MongoClient.pm line 228.
couldn't connect to server localhost:27017 at /usr/local/ActivePerl-5.16/site/lib/MongoDB/MongoClient.pm line 228.
couldn't connect to server localhost:27017 at /usr/local/ActivePerl-5.16/site/lib/MongoDB/MongoClient.pm line 228.
couldn't connect to server localhost:27017 at /usr/local/ActivePerl-5.16/site/lib/MongoDB/MongoClient.pm line 228.
couldn't connect to server localhost:27017 at /usr/local/ActivePerl-5.16/site/lib/MongoDB/MongoClient.pm line 228.
couldn't connect to server localhost:27017 at /usr/local/ActivePerl-5.16/site/lib/MongoDB/MongoClient.pm line 228.
couldn't connect to server localhost:27017 at /usr/local/ActivePerl-5.16/site/lib/MongoDB/MongoClient.pm line 228.
couldn't connect to server localhost:27017 at /usr/local/ActivePerl-5.16/site/lib/MongoDB/MongoClient.pm line 228.
couldn't connect to server localhost:27017 at /usr/local/ActivePerl-5.16/site/lib/MongoDB/MongoClient.pm line 228.
couldn't connect to server localhost:27017 at /usr/local/ActivePerl-5.16/site/lib/MongoDB/MongoClient.pm line 228.
couldn't connect to server localhost:27017 at /usr/local/ActivePerl-5.16/site/lib/MongoDB/MongoClient.pm line 228.
couldn't connect to server localhost:27017 at /usr/local/ActivePerl-5.16/site/lib/MongoDB/MongoClient.pm line 228.
couldn't connect to server localhost:27017 at /usr/local/ActivePerl-5.16/site/lib/MongoDB/MongoClient.pm line 228.
couldn't connect to server localhost:27017 at /usr/local/ActivePerl-5.16/site/lib/MongoDB/MongoClient.pm line 228.
couldn't connect to server localhost:27017 at /usr/local/ActivePerl-5.16/site/lib/MongoDB/MongoClient.pm line 228.
couldn't connect to server localhost:27017 at /usr/local/ActivePerl-5.16/site/lib/MongoDB/MongoClient.pm line 228.
couldn't connect to server localhost:27017 at /usr/local/ActivePerl-5.16/site/lib/MongoDB/MongoClient.pm line 228.
couldn't connect to server localhost:27017 at /usr/local/ActivePerl-5.16/site/lib/MongoDB/MongoClient.pm line 228.
couldn't connect to server localhost:27017 at /usr/local/ActivePerl-5.16/site/lib/MongoDB/MongoClient.pm line 228.
couldn't connect to server localhost:27017 at /usr/local/ActivePerl-5.16/site/lib/MongoDB/MongoClient.pm line 228.
couldn't connect to server localhost:27017 at /usr/local/ActivePerl-5.16/site/lib/MongoDB/MongoClient.pm line 228.
couldn't connect to server localhost:27017 at /usr/local/ActivePerl-5.16/site/lib/MongoDB/MongoClient.pm line 228.
couldn't connect to server localhost:27017 at /usr/local/ActivePerl-5.16/site/lib/MongoDB/MongoClient.pm line 228.
couldn't connect to server localhost:27017 at /usr/local/ActivePerl-5.16/site/lib/MongoDB/MongoClient.pm line 228.
couldn't connect to server localhost:27017 at /usr/local/ActivePerl-5.16/site/lib/MongoDB/MongoClient.pm line 228.
couldn't connect to server localhost:27017 at /usr/local/ActivePerl-5.16/site/lib/MongoDB/MongoClient.pm line 228.
couldn't connect to server localhost:27017 at /usr/local/ActivePerl-5.16/site/lib/MongoDB/MongoClient.pm line 228.
couldn't connect to server localhost:27017 at /usr/local/ActivePerl-5.16/site/lib/MongoDB/MongoClient.pm line 228.
couldn't connect to server localhost:27017 at /usr/local/ActivePerl-5.16/site/lib/MongoDB/MongoClient.pm line 228.
couldn't connect to server localhost:27017 at /usr/local/ActivePerl-5.16/site/lib/MongoDB/MongoClient.pm line 228.
couldn't connect to server localhost:27017 at /usr/local/ActivePerl-5.16/site/lib/MongoDB/MongoClient.pm line 228.
couldn't connect to server localhost:27017 at /usr/local/ActivePerl-5.16/site/lib/MongoDB/MongoClient.pm line 228.
couldn't connect to server localhost:27017 at /usr/local/ActivePerl-5.16/site/lib/MongoDB/MongoClient.pm line 228.
couldn't connect to server localhost:27017 at /usr/local/ActivePerl-5.16/site/lib/MongoDB/MongoClient.pm line 228.
couldn't connect to server localhost:27017 at /usr/local/ActivePerl-5.16/site/lib/MongoDB/MongoClient.pm line 228.
couldn't connect to server localhost:27017 at /usr/local/ActivePerl-5.16/site/lib/MongoDB/MongoClient.pm line 228.
couldn't connect to server localhost:27017 at /usr/local/ActivePerl-5.16/site/lib/MongoDB/MongoClient.pm line 228.
couldn't connect to server localhost:27017 at /usr/local/ActivePerl-5.16/site/lib/MongoDB/MongoClient.pm line 228.
couldn't connect to server localhost:27017 at /usr/local/ActivePerl-5.16/site/lib/MongoDB/MongoClient.pm line 228.
couldn't connect to server localhost:27017 at /usr/local/ActivePerl-5.16/site/lib/MongoDB/MongoClient.pm line 228.
couldn't connect to server localhost:27017 at /usr/local/ActivePerl-5.16/site/lib/MongoDB/MongoClient.pm line 228.
couldn't connect to server localhost:27017 at /usr/local/ActivePerl-5.16/site/lib/MongoDB/MongoClient.pm line 228.
couldn't connect to server localhost:27017 at /usr/local/ActivePerl-5.16/site/lib/MongoDB/MongoClient.pm line 228.
couldn't connect to server localhost:27017 at /usr/local/ActivePerl-5.16/site/lib/MongoDB/MongoClient.pm line 228.
couldn't connect to server localhost:27017 at /usr/local/ActivePerl-5.16/site/lib/MongoDB/MongoClient.pm line 228.
couldn't connect to server localhost:27017 at /usr/local/ActivePerl-5.16/site/lib/MongoDB/MongoClient.pm line 228.
couldn't connect to server localhost:27017 at /usr/local/ActivePerl-5.16/site/lib/MongoDB/MongoClient.pm line 228.
couldn't connect to server localhost:27017 at /usr/local/ActivePerl-5.16/site/lib/MongoDB/MongoClient.pm line 228.
couldn't connect to server localhost:27017 at /usr/local/ActivePerl-5.16/site/lib/MongoDB/MongoClient.pm line 228.
couldn't connect to server localhost:27017 at /usr/local/ActivePerl-5.16/site/lib/MongoDB/MongoClient.pm line 228.
couldn't connect to server localhost:27017 at /usr/local/ActivePerl-5.16/site/lib/MongoDB/MongoClient.pm line 228.
couldn't connect to server localhost:27017 at /usr/local/ActivePerl-5.16/site/lib/MongoDB/MongoClient.pm line 228.
couldn't connect to server localhost:27017 at /usr/local/ActivePerl-5.16/site/lib/MongoDB/MongoClient.pm line 228.
couldn't connect to server localhost:27017 at /usr/local/ActivePerl-5.16/site/lib/MongoDB/MongoClient.pm line 228.
couldn't connect to server localhost:27017 at /usr/local/ActivePerl-5.16/site/lib/MongoDB/MongoClient.pm line 228.
couldn't connect to server localhost:27017 at /usr/local/ActivePerl-5.16/site/lib/MongoDB/MongoClient.pm line 228.
couldn't connect to server localhost:27017 at /usr/local/ActivePerl-5.16/site/lib/MongoDB/MongoClient.pm line 228.
couldn't connect to server localhost:27017 at /usr/local/ActivePerl-5.16/site/lib/MongoDB/MongoClient.pm line 228.
couldn't connect to server localhost:27017 at /usr/local/ActivePerl-5.16/site/lib/MongoDB/MongoClient.pm line 228.
couldn't connect to server localhost:27017 at /usr/local/ActivePerl-5.16/site/lib/MongoDB/MongoClient.pm line 228.
couldn't connect to server localhost:27017 at /usr/local/ActivePerl-5.16/site/lib/MongoDB/MongoClient.pm line 228.
couldn't connect to server localhost:27017 at /usr/local/ActivePerl-5.16/site/lib/MongoDB/MongoClient.pm line 228.
couldn't connect to server localhost:27017 at /usr/local/ActivePerl-5.16/site/lib/MongoDB/MongoClient.pm line 228.
couldn't connect to server localhost:27017 at /usr/local/ActivePerl-5.16/site/lib/MongoDB/MongoClient.pm line 228.
couldn't connect to server localhost:27017 at /usr/local/ActivePerl-5.16/site/lib/MongoDB/MongoClient.pm line 228.
couldn't connect to server localhost:27017 at /usr/local/ActivePerl-5.16/site/lib/MongoDB/MongoClient.pm line 228.
couldn't connect to server localhost:27017 at /usr/local/ActivePerl-5.16/site/lib/MongoDB/MongoClient.pm line 228.
couldn't connect to server localhost:27017 at /usr/local/ActivePerl-5.16/site/lib/MongoDB/MongoClient.pm line 228.
couldn't connect to server localhost:27017 at /usr/local/ActivePerl-5.16/site/lib/MongoDB/MongoClient.pm line 228.
couldn't connect to server localhost:27017 at /usr/local/ActivePerl-5.16/site/lib/MongoDB/MongoClient.pm line 228.
couldn't connect to server localhost:27017 at /usr/local/ActivePerl-5.16/site/lib/MongoDB/MongoClient.pm line 228.
couldn't connect to server localhost:27017 at /usr/local/ActivePerl-5.16/site/lib/MongoDB/MongoClient.pm line 228.
couldn't connect to server localhost:27017 at /usr/local/ActivePerl-5.16/site/lib/MongoDB/MongoClient.pm line 228.
couldn't connect to server localhost:27017 at /usr/local/ActivePerl-5.16/site/lib/MongoDB/MongoClient.pm line 228.
couldn't connect to server localhost:27017 at /usr/local/ActivePerl-5.16/site/lib/MongoDB/MongoClient.pm line 228.
couldn't connect to server localhost:27017 at /usr/local/ActivePerl-5.16/site/lib/MongoDB/MongoClient.pm line 228.
couldn't connect to server localhost:27017 at /usr/local/ActivePerl-5.16/site/lib/MongoDB/MongoClient.pm line 228.
couldn't connect to server localhost:27017 at /usr/local/ActivePerl-5.16/site/lib/MongoDB/MongoClient.pm line 228.
couldn't connect to server localhost:27017 at /usr/local/ActivePerl-5.16/site/lib/MongoDB/MongoClient.pm line 228.
couldn't connect to server localhost:27017 at /usr/local/ActivePerl-5.16/site/lib/MongoDB/MongoClient.pm line 228.
couldn't connect to server localhost:27017 at /usr/local/ActivePerl-5.16/site/lib/MongoDB/MongoClient.pm line 228.
couldn't connect to server localhost:27017 at /usr/local/ActivePerl-5.16/site/lib/MongoDB/MongoClient.pm line 228.
couldn't connect to server localhost:27017 at /usr/local/ActivePerl-5.16/site/lib/MongoDB/MongoClient.pm line 228.
couldn't connect to server localhost:27017 at /usr/local/ActivePerl-5.16/site/lib/MongoDB/MongoClient.pm line 228.
couldn't connect to server localhost:27017 at /usr/local/ActivePerl-5.16/site/lib/MongoDB/MongoClient.pm line 228.
couldn't connect to server localhost:27017 at /usr/local/ActivePerl-5.16/site/lib/MongoDB/MongoClient.pm line 228.
couldn't connect to server localhost:27017 at /usr/local/ActivePerl-5.16/site/lib/MongoDB/MongoClient.pm line 228.
couldn't connect to server localhost:27017 at /usr/local/ActivePerl-5.16/site/lib/MongoDB/MongoClient.pm line 228.
couldn't connect to server localhost:27017 at /usr/local/ActivePerl-5.16/site/lib/MongoDB/MongoClient.pm line 228.
couldn't connect to server localhost:27017 at /usr/local/ActivePerl-5.16/site/lib/MongoDB/MongoClient.pm line 228.
couldn't connect to server localhost:27017 at /usr/local/ActivePerl-5.16/site/lib/MongoDB/MongoClient.pm line 228.
couldn't connect to server localhost:27017 at /usr/local/ActivePerl-5.16/site/lib/MongoDB/MongoClient.pm line 228.
couldn't connect to server localhost:27017 at /usr/local/ActivePerl-5.16/site/lib/MongoDB/MongoClient.pm line 228.
couldn't connect to server localhost:27017 at /usr/local/ActivePerl-5.16/site/lib/MongoDB/MongoClient.pm line 228.
couldn't connect to server localhost:27017 at /usr/local/ActivePerl-5.16/site/lib/MongoDB/MongoClient.pm line 228.
couldn't connect to server localhost:27017 at /usr/local/ActivePerl-5.16/site/lib/MongoDB/MongoClient.pm line 228.
couldn't connect to server localhost:27017 at /usr/local/ActivePerl-5.16/site/lib/MongoDB/MongoClient.pm line 228.
couldn't connect to server localhost:27017 at /usr/local/ActivePerl-5.16/site/lib/MongoDB/MongoClient.pm line 228.
couldn't connect to server localhost:27017 at /usr/local/ActivePerl-5.16/site/lib/MongoDB/MongoClient.pm line 228.
couldn't connect to server localhost:27017 at /usr/local/ActivePerl-5.16/site/lib/MongoDB/MongoClient.pm line 228.
couldn't connect to server localhost:27017 at /usr/local/ActivePerl-5.16/site/lib/MongoDB/MongoClient.pm line 228.
couldn't connect to server localhost:27017 at /usr/local/ActivePerl-5.16/site/lib/MongoDB/MongoClient.pm line 228.
couldn't connect to server localhost:27017 at /usr/local/ActivePerl-5.16/site/lib/MongoDB/MongoClient.pm line 228.
couldn't connect to server localhost:27017 at /usr/local/ActivePerl-5.16/site/lib/MongoDB/MongoClient.pm line 228.
couldn't connect to server localhost:27017 at /usr/local/ActivePerl-5.16/site/lib/MongoDB/MongoClient.pm line 228.
couldn't connect to server localhost:27017 at /usr/local/ActivePerl-5.16/site/lib/MongoDB/MongoClient.pm line 228.
couldn't connect to server localhost:27017 at /usr/local/ActivePerl-5.16/site/lib/MongoDB/MongoClient.pm line 228.
couldn't connect to server localhost:27017 at /usr/local/ActivePerl-5.16/site/lib/MongoDB/MongoClient.pm line 228.
couldn't connect to server localhost:27017 at /usr/local/ActivePerl-5.16/site/lib/MongoDB/MongoClient.pm line 228.
couldn't connect to server localhost:27017 at /usr/local/ActivePerl-5.16/site/lib/MongoDB/MongoClient.pm line 228.
couldn't connect to server localhost:27017 at /usr/local/ActivePerl-5.16/site/lib/MongoDB/MongoClient.pm line 228.
couldn't connect to server localhost:27017 at /usr/local/ActivePerl-5.16/site/lib/MongoDB/MongoClient.pm line 228.
couldn't connect to server localhost:27017 at /usr/local/ActivePerl-5.16/site/lib/MongoDB/MongoClient.pm line 228.
couldn't connect to server localhost:27017 at /usr/local/ActivePerl-5.16/site/lib/MongoDB/MongoClient.pm line 228.
couldn't connect to server localhost:27017 at /usr/local/ActivePerl-5.16/site/lib/MongoDB/MongoClient.pm line 228.
couldn't connect to server localhost:27017 at /usr/local/ActivePerl-5.16/site/lib/MongoDB/MongoClient.pm line 228.
couldn't connect to server localhost:27017 at /usr/local/ActivePerl-5.16/site/lib/MongoDB/MongoClient.pm line 228.
couldn't connect to server localhost:27017 at /usr/local/ActivePerl-5.16/site/lib/MongoDB/MongoClient.pm line 228.
couldn't connect to server localhost:27017 at /usr/local/ActivePerl-5.16/site/lib/MongoDB/MongoClient.pm line 228.
couldn't connect to server localhost:27017 at /usr/local/ActivePerl-5.16/site/lib/MongoDB/MongoClient.pm line 228.
couldn't connect to server localhost:27017 at /usr/local/ActivePerl-5.16/site/lib/MongoDB/MongoClient.pm line 228.
couldn't connect to server localhost:27017 at /usr/local/ActivePerl-5.16/site/lib/MongoDB/MongoClient.pm line 228.
couldn't connect to server localhost:27017 at /usr/local/ActivePerl-5.16/site/lib/MongoDB/MongoClient.pm line 228.
couldn't connect to server localhost:27017 at /usr/local/ActivePerl-5.16/site/lib/MongoDB/MongoClient.pm line 228.
couldn't connect to server localhost:27017 at /usr/local/ActivePerl-5.16/site/lib/MongoDB/MongoClient.pm line 228.
couldn't connect to server localhost:27017 at /usr/local/ActivePerl-5.16/site/lib/MongoDB/MongoClient.pm line 228.
couldn't connect to server localhost:27017 at /usr/local/ActivePerl-5.16/site/lib/MongoDB/MongoClient.pm line 228.
couldn't connect to server localhost:27017 at /usr/local/ActivePerl-5.16/site/lib/MongoDB/MongoClient.pm line 228.
couldn't connect to server localhost:27017 at /usr/local/ActivePerl-5.16/site/lib/MongoDB/MongoClient.pm line 228.
couldn't connect to server localhost:27017 at /usr/local/ActivePerl-5.16/site/lib/MongoDB/MongoClient.pm line 228.
couldn't connect to server localhost:27017 at /usr/local/ActivePerl-5.16/site/lib/MongoDB/MongoClient.pm line 228.
couldn't connect to server localhost:27017 at /usr/local/ActivePerl-5.16/site/lib/MongoDB/MongoClient.pm line 228.
couldn't connect to server localhost:27017 at /usr/local/ActivePerl-5.16/site/lib/MongoDB/MongoClient.pm line 228.
couldn't connect to server localhost:27017 at /usr/local/ActivePerl-5.16/site/lib/MongoDB/MongoClient.pm line 228.
couldn't connect to server localhost:27017 at /usr/local/ActivePerl-5.16/site/lib/MongoDB/MongoClient.pm line 228.
couldn't connect to server localhost:27017 at /usr/local/ActivePerl-5.16/site/lib/MongoDB/MongoClient.pm line 228.
couldn't connect to server localhost:27017 at /usr/local/ActivePerl-5.16/site/lib/MongoDB/MongoClient.pm line 228.
couldn't connect to server localhost:27017 at /usr/local/ActivePerl-5.16/site/lib/MongoDB/MongoClient.pm line 228.
couldn't connect to server localhost:27017 at /usr/local/ActivePerl-5.16/site/lib/MongoDB/MongoClient.pm line 228.
couldn't connect to server localhost:27017 at /usr/local/ActivePerl-5.16/site/lib/MongoDB/MongoClient.pm line 228.
couldn't connect to server localhost:27017 at /usr/local/ActivePerl-5.16/site/lib/MongoDB/MongoClient.pm line 228.
couldn't connect to server localhost:27017 at /usr/local/ActivePerl-5.16/site/lib/MongoDB/MongoClient.pm line 228.
couldn't connect to server localhost:27017 at /usr/local/ActivePerl-5.16/site/lib/MongoDB/MongoClient.pm line 228.
couldn't connect to server localhost:27017 at /usr/local/ActivePerl-5.16/site/lib/MongoDB/MongoClient.pm line 228.
couldn't connect to server localhost:27017 at /usr/local/ActivePerl-5.16/site/lib/MongoDB/MongoClient.pm line 228.
couldn't connect to server localhost:27017 at /usr/local/ActivePerl-5.16/site/lib/MongoDB/MongoClient.pm line 228.
couldn't connect to server localhost:27017 at /usr/local/ActivePerl-5.16/site/lib/MongoDB/MongoClient.pm line 228.
couldn't connect to server localhost:27017 at /usr/local/ActivePerl-5.16/site/lib/MongoDB/MongoClient.pm line 228.
couldn't connect to server localhost:27017 at /usr/local/ActivePerl-5.16/site/lib/MongoDB/MongoClient.pm line 228.
couldn't connect to server localhost:27017 at /usr/local/ActivePerl-5.16/site/lib/MongoDB/MongoClient.pm line 228.
couldn't connect to server localhost:27017 at /usr/local/ActivePerl-5.16/site/lib/MongoDB/MongoClient.pm line 228.
couldn't connect to server localhost:27017 at /usr/local/ActivePerl-5.16/site/lib/MongoDB/MongoClient.pm line 228.
couldn't connect to server localhost:27017 at /usr/local/ActivePerl-5.16/site/lib/MongoDB/MongoClient.pm line 228.
couldn't connect to server localhost:27017 at /usr/local/ActivePerl-5.16/site/lib/MongoDB/MongoClient.pm line 228.
couldn't connect to server localhost:27017 at /usr/local/ActivePerl-5.16/site/lib/MongoDB/MongoClient.pm line 228.
couldn't connect to server localhost:27017 at /usr/local/ActivePerl-5.16/site/lib/MongoDB/MongoClient.pm line 228.
couldn't connect to server localhost:27017 at /usr/local/ActivePerl-5.16/site/lib/MongoDB/MongoClient.pm line 228.
couldn't connect to server localhost:27017 at /usr/local/ActivePerl-5.16/site/lib/MongoDB/MongoClient.pm line 228.
couldn't connect to server localhost:27017 at /usr/local/ActivePerl-5.16/site/lib/MongoDB/MongoClient.pm line 228.
couldn't connect to server localhost:27017 at /usr/local/ActivePerl-5.16/site/lib/MongoDB/MongoClient.pm line 228.
couldn't connect to server localhost:27017 at /usr/local/ActivePerl-5.16/site/lib/MongoDB/MongoClient.pm line 228.
couldn't connect to server localhost:27017 at /usr/local/ActivePerl-5.16/site/lib/MongoDB/MongoClient.pm line 228.
couldn't connect to server localhost:27017 at /usr/local/ActivePerl-5.16/site/lib/MongoDB/MongoClient.pm line 228.
couldn't connect to server localhost:27017 at /usr/local/ActivePerl-5.16/site/lib/MongoDB/MongoClient.pm line 228.
couldn't connect to server localhost:27017 at /usr/local/ActivePerl-5.16/site/lib/MongoDB/MongoClient.pm line 228.
couldn't connect to server localhost:27017 at /usr/local/ActivePerl-5.16/site/lib/MongoDB/MongoClient.pm line 228.
couldn't connect to server localhost:27017 at /usr/local/ActivePerl-5.16/site/lib/MongoDB/MongoClient.pm line 228.
couldn't connect to server localhost:27017 at /usr/local/ActivePerl-5.16/site/lib/MongoDB/MongoClient.pm line 228.
couldn't connect to server localhost:27017 at /usr/local/ActivePerl-5.16/site/lib/MongoDB/MongoClient.pm line 228.
couldn't connect to server localhost:27017 at /usr/local/ActivePerl-5.16/site/lib/MongoDB/MongoClient.pm line 228.
couldn't connect to server localhost:27017 at /usr/local/ActivePerl-5.16/site/lib/MongoDB/MongoClient.pm line 228.
couldn't connect to server localhost:27017 at /usr/local/ActivePerl-5.16/site/lib/MongoDB/MongoClient.pm line 228.
couldn't connect to server localhost:27017 at /usr/local/ActivePerl-5.16/site/lib/MongoDB/MongoClient.pm line 228.
couldn't connect to server localhost:27017 at /usr/local/ActivePerl-5.16/site/lib/MongoDB/MongoClient.pm line 228.
couldn't connect to server localhost:27017 at /usr/local/ActivePerl-5.16/site/lib/MongoDB/MongoClient.pm line 228.
couldn't connect to server localhost:27017 at /usr/local/ActivePerl-5.16/site/lib/MongoDB/MongoClient.pm line 228.
couldn't connect to server localhost:27017 at /usr/local/ActivePerl-5.16/site/lib/MongoDB/MongoClient.pm line 228.
couldn't connect to server localhost:27017 at /usr/local/ActivePerl-5.16/site/lib/MongoDB/MongoClient.pm line 228.
couldn't connect to server localhost:27017 at /usr/local/ActivePerl-5.16/site/lib/MongoDB/MongoClient.pm line 228.
couldn't connect to server localhost:27017 at /usr/local/ActivePerl-5.16/site/lib/MongoDB/MongoClient.pm line 228.
couldn't connect to server localhost:27017 at /usr/local/ActivePerl-5.16/site/lib/MongoDB/MongoClient.pm line 228.
couldn't connect to server localhost:27017 at /usr/local/ActivePerl-5.16/site/lib/MongoDB/MongoClient.pm line 228.
couldn't connect to server localhost:27017 at /usr/local/ActivePerl-5.16/site/lib/MongoDB/MongoClient.pm line 228.
couldn't connect to server localhost:27017 at /usr/local/ActivePerl-5.16/site/lib/MongoDB/MongoClient.pm line 228.
couldn't connect to server localhost:27017 at /usr/local/ActivePerl-5.16/site/lib/MongoDB/MongoClient.pm line 228.
couldn't connect to server localhost:27017 at /usr/local/ActivePerl-5.16/site/lib/MongoDB/MongoClient.pm line 228.
couldn't connect to server localhost:27017 at /usr/local/ActivePerl-5.16/site/lib/MongoDB/MongoClient.pm line 228.
couldn't connect to server localhost:27017 at /usr/local/ActivePerl-5.16/site/lib/MongoDB/MongoClient.pm line 228.
couldn't connect to server localhost:27017 at /usr/local/ActivePerl-5.16/site/lib/MongoDB/MongoClient.pm line 228.
couldn't connect to server localhost:27017 at /usr/local/ActivePerl-5.16/site/lib/MongoDB/MongoClient.pm line 228.
couldn't connect to server localhost:27017 at /usr/local/ActivePerl-5.16/site/lib/MongoDB/MongoClient.pm line 228.
couldn't connect to server localhost:27017 at /usr/local/ActivePerl-5.16/site/lib/MongoDB/MongoClient.pm line 228.
couldn't connect to server localhost:27017 at /usr/local/ActivePerl-5.16/site/lib/MongoDB/MongoClient.pm line 228.
couldn't connect to server localhost:27017 at /usr/local/ActivePerl-5.16/site/lib/MongoDB/MongoClient.pm line 228.
couldn't connect to server localhost:27017 at /usr/local/ActivePerl-5.16/site/lib/MongoDB/MongoClient.pm line 228.
couldn't connect to server localhost:27017 at /usr/local/ActivePerl-5.16/site/lib/MongoDB/MongoClient.pm line 228.
couldn't connect to server localhost:27017 at /usr/local/ActivePerl-5.16/site/lib/MongoDB/MongoClient.pm line 228.
couldn't connect to server localhost:27017 at /usr/local/ActivePerl-5.16/site/lib/MongoDB/MongoClient.pm line 228.
couldn't connect to server localhost:27017 at /usr/local/ActivePerl-5.16/site/lib/MongoDB/MongoClient.pm line 228.
couldn't connect to server localhost:27017 at /usr/local/ActivePerl-5.16/site/lib/MongoDB/MongoClient.pm line 228.
couldn't connect to server localhost:27017 at /usr/local/ActivePerl-5.16/site/lib/MongoDB/MongoClient.pm line 228.
couldn't connect to server localhost:27017 at /usr/local/ActivePerl-5.16/site/lib/MongoDB/MongoClient.pm line 228.
couldn't connect to server localhost:27017 at /usr/local/ActivePerl-5.16/site/lib/MongoDB/MongoClient.pm line 228.
couldn't connect to server localhost:27017 at /usr/local/ActivePerl-5.16/site/lib/MongoDB/MongoClient.pm line 228.
couldn't connect to server localhost:27017 at /usr/local/ActivePerl-5.16/site/lib/MongoDB/MongoClient.pm line 228.
couldn't connect to server localhost:27017 at /usr/local/ActivePerl-5.16/site/lib/MongoDB/MongoClient.pm line 228.
couldn't connect to server localhost:27017 at /usr/local/ActivePerl-5.16/site/lib/MongoDB/MongoClient.pm line 228.
couldn't connect to server localhost:27017 at /usr/local/ActivePerl-5.16/site/lib/MongoDB/MongoClient.pm line 228.
couldn't connect to server localhost:27017 at /usr/local/ActivePerl-5.16/site/lib/MongoDB/MongoClient.pm line 228.
couldn't connect to server localhost:27017 at /usr/local/ActivePerl-5.16/site/lib/MongoDB/MongoClient.pm line 228.
couldn't connect to server localhost:27017 at /usr/local/ActivePerl-5.16/site/lib/MongoDB/MongoClient.pm line 228.
couldn't connect to server localhost:27017 at /usr/local/ActivePerl-5.16/site/lib/MongoDB/MongoClient.pm line 228.
couldn't connect to server localhost:27017 at /usr/local/ActivePerl-5.16/site/lib/MongoDB/MongoClient.pm line 228.
couldn't connect to server localhost:27017 at /usr/local/ActivePerl-5.16/site/lib/MongoDB/MongoClient.pm line 228.
couldn't connect to server localhost:27017 at /usr/local/ActivePerl-5.16/site/lib/MongoDB/MongoClient.pm line 228.
couldn't connect to server localhost:27017 at /usr/local/ActivePerl-5.16/site/lib/MongoDB/MongoClient.pm line 228.
couldn't connect to server localhost:27017 at /usr/local/ActivePerl-5.16/site/lib/MongoDB/MongoClient.pm line 228.
couldn't connect to server localhost:27017 at /usr/local/ActivePerl-5.16/site/lib/MongoDB/MongoClient.pm line 228.
couldn't connect to server localhost:27017 at /usr/local/ActivePerl-5.16/site/lib/MongoDB/MongoClient.pm line 228.
couldn't connect to server localhost:27017 at /usr/local/ActivePerl-5.16/site/lib/MongoDB/MongoClient.pm line 228.
couldn't connect to server localhost:27017 at /usr/local/ActivePerl-5.16/site/lib/MongoDB/MongoClient.pm line 228.
couldn't connect to server localhost:27017 at /usr/local/ActivePerl-5.16/site/lib/MongoDB/MongoClient.pm line 228.
couldn't connect to server localhost:27017 at /usr/local/ActivePerl-5.16/site/lib/MongoDB/MongoClient.pm line 228.
couldn't connect to server localhost:27017 at /usr/local/ActivePerl-5.16/site/lib/MongoDB/MongoClient.pm line 228.
couldn't connect to server localhost:27017 at /usr/local/ActivePerl-5.16/site/lib/MongoDB/MongoClient.pm line 228.
couldn't connect to server localhost:27017 at /usr/local/ActivePerl-5.16/site/lib/MongoDB/MongoClient.pm line 228.
couldn't connect to server localhost:27017 at /usr/local/ActivePerl-5.16/site/lib/MongoDB/MongoClient.pm line 228.
couldn't connect to server localhost:27017 at /usr/local/ActivePerl-5.16/site/lib/MongoDB/MongoClient.pm line 228.
couldn't connect to server localhost:27017 at /usr/local/ActivePerl-5.16/site/lib/MongoDB/MongoClient.pm line 228.
couldn't connect to server localhost:27017 at /usr/local/ActivePerl-5.16/site/lib/MongoDB/MongoClient.pm line 228.
couldn't connect to server localhost:27017 at /usr/local/ActivePerl-5.16/site/lib/MongoDB/MongoClient.pm line 228.
couldn't connect to server localhost:27017 at /usr/local/ActivePerl-5.16/site/lib/MongoDB/MongoClient.pm line 228.
couldn't connect to server localhost:27017 at /usr/local/ActivePerl-5.16/site/lib/MongoDB/MongoClient.pm line 228.
couldn't connect to server localhost:27017 at /usr/local/ActivePerl-5.16/site/lib/MongoDB/MongoClient.pm line 228.
couldn't connect to server localhost:27017 at /usr/local/ActivePerl-5.16/site/lib/MongoDB/MongoClient.pm line 228.
couldn't connect to server localhost:27017 at /usr/local/ActivePerl-5.16/site/lib/MongoDB/MongoClient.pm line 228.
couldn't connect to server localhost:27017 at /usr/local/ActivePerl-5.16/site/lib/MongoDB/MongoClient.pm line 228.
couldn't connect to server localhost:27017 at /usr/local/ActivePerl-5.16/site/lib/MongoDB/MongoClient.pm line 228.
couldn't connect to server localhost:27017 at /usr/local/ActivePerl-5.16/site/lib/MongoDB/MongoClient.pm line 228.
couldn't connect to server localhost:27017 at /usr/local/ActivePerl-5.16/site/lib/MongoDB/MongoClient.pm line 228.
couldn't connect to server localhost:27017 at /usr/local/ActivePerl-5.16/site/lib/MongoDB/MongoClient.pm line 228.
couldn't connect to server localhost:27017 at /usr/local/ActivePerl-5.16/site/lib/MongoDB/MongoClient.pm line 228.
couldn't connect to server localhost:27017 at /usr/local/ActivePerl-5.16/site/lib/MongoDB/MongoClient.pm line 228.
couldn't connect to server localhost:27017 at /usr/local/ActivePerl-5.16/site/lib/MongoDB/MongoClient.pm line 228.
couldn't connect to server localhost:27017 at /usr/local/ActivePerl-5.16/site/lib/MongoDB/MongoClient.pm line 228.
couldn't connect to server localhost:27017 at /usr/local/ActivePerl-5.16/site/lib/MongoDB/MongoClient.pm line 228.
couldn't connect to server localhost:27017 at /usr/local/ActivePerl-5.16/site/lib/MongoDB/MongoClient.pm line 228.
couldn't connect to server localhost:27017 at /usr/local/ActivePerl-5.16/site/lib/MongoDB/MongoClient.pm line 228.
couldn't connect to server localhost:27017 at /usr/local/ActivePerl-5.16/site/lib/MongoDB/MongoClient.pm line 228.
couldn't connect to server localhost:27017 at /usr/local/ActivePerl-5.16/site/lib/MongoDB/MongoClient.pm line 228.
couldn't connect to server localhost:27017 at /usr/local/ActivePerl-5.16/site/lib/MongoDB/MongoClient.pm line 228.
couldn't connect to server localhost:27017 at /usr/local/ActivePerl-5.16/site/lib/MongoDB/MongoClient.pm line 228.
couldn't connect to server localhost:27017 at /usr/local/ActivePerl-5.16/site/lib/MongoDB/MongoClient.pm line 228.
couldn't connect to server localhost:27017 at /usr/local/ActivePerl-5.16/site/lib/MongoDB/MongoClient.pm line 228.
couldn't connect to server localhost:27017 at /usr/local/ActivePerl-5.16/site/lib/MongoDB/MongoClient.pm line 228.
couldn't connect to server localhost:27017 at /usr/local/ActivePerl-5.16/site/lib/MongoDB/MongoClient.pm line 228.
couldn't connect to server localhost:27017 at /usr/local/ActivePerl-5.16/site/lib/MongoDB/MongoClient.pm line 228.
couldn't connect to server localhost:27017 at /usr/local/ActivePerl-5.16/site/lib/MongoDB/MongoClient.pm line 228.
couldn't connect to server localhost:27017 at /usr/local/ActivePerl-5.16/site/lib/MongoDB/MongoClient.pm line 228.
couldn't connect to server localhost:27017 at /usr/local/ActivePerl-5.16/site/lib/MongoDB/MongoClient.pm line 228.
couldn't connect to server localhost:27017 at /usr/local/ActivePerl-5.16/site/lib/MongoDB/MongoClient.pm line 228.
couldn't connect to server localhost:27017 at /usr/local/ActivePerl-5.16/site/lib/MongoDB/MongoClient.pm line 228.
couldn't connect to server localhost:27017 at /usr/local/ActivePerl-5.16/site/lib/MongoDB/MongoClient.pm line 228.
couldn't connect to server localhost:27017 at /usr/local/ActivePerl-5.16/site/lib/MongoDB/MongoClient.pm line 228.
couldn't connect to server localhost:27017 at /usr/local/ActivePerl-5.16/site/lib/MongoDB/MongoClient.pm line 228.
couldn't connect to server localhost:27017 at /usr/local/ActivePerl-5.16/site/lib/MongoDB/MongoClient.pm line 228.
couldn't connect to server localhost:27017 at /usr/local/ActivePerl-5.16/site/lib/MongoDB/MongoClient.pm line 228.
couldn't connect to server localhost:27017 at /usr/local/ActivePerl-5.16/site/lib/MongoDB/MongoClient.pm line 228.
couldn't connect to server localhost:27017 at /usr/local/ActivePerl-5.16/site/lib/MongoDB/MongoClient.pm line 228.
couldn't connect to server localhost:27017 at /usr/local/ActivePerl-5.16/site/lib/MongoDB/MongoClient.pm line 228.
couldn't connect to server localhost:27017 at /usr/local/ActivePerl-5.16/site/lib/MongoDB/MongoClient.pm line 228.
couldn't connect to server localhost:27017 at /usr/local/ActivePerl-5.16/site/lib/MongoDB/MongoClient.pm line 228.
couldn't connect to server localhost:27017 at /usr/local/ActivePerl-5.16/site/lib/MongoDB/MongoClient.pm line 228.
couldn't connect to server localhost:27017 at /usr/local/ActivePerl-5.16/site/lib/MongoDB/MongoClient.pm line 228.
couldn't connect to server localhost:27017 at /usr/local/ActivePerl-5.16/site/lib/MongoDB/MongoClient.pm line 228.
couldn't connect to server localhost:27017 at /usr/local/ActivePerl-5.16/site/lib/MongoDB/MongoClient.pm line 228.
couldn't connect to server localhost:27017 at /usr/local/ActivePerl-5.16/site/lib/MongoDB/MongoClient.pm line 228.
couldn't connect to server localhost:27017 at /usr/local/ActivePerl-5.16/site/lib/MongoDB/MongoClient.pm line 228.
couldn't connect to server localhost:27017 at /usr/local/ActivePerl-5.16/site/lib/MongoDB/MongoClient.pm line 228.
couldn't connect to server localhost:27017 at /usr/local/ActivePerl-5.16/site/lib/MongoDB/MongoClient.pm line 228.
couldn't connect to server localhost:27017 at /usr/local/ActivePerl-5.16/site/lib/MongoDB/MongoClient.pm line 228.
couldn't connect to server localhost:27017 at /usr/local/ActivePerl-5.16/site/lib/MongoDB/MongoClient.pm line 228.
couldn't connect to server localhost:27017 at /usr/local/ActivePerl-5.16/site/lib/MongoDB/MongoClient.pm line 228.
couldn't connect to server localhost:27017 at /usr/local/ActivePerl-5.16/site/lib/MongoDB/MongoClient.pm line 228.
couldn't connect to server localhost:27017 at /usr/local/ActivePerl-5.16/site/lib/MongoDB/MongoClient.pm line 228.
couldn't connect to server localhost:27017 at /usr/local/ActivePerl-5.16/site/lib/MongoDB/MongoClient.pm line 228.
couldn't connect to server localhost:27017 at /usr/local/ActivePerl-5.16/site/lib/MongoDB/MongoClient.pm line 228.
couldn't connect to server localhost:27017 at /usr/local/ActivePerl-5.16/site/lib/MongoDB/MongoClient.pm line 228.
couldn't connect to server localhost:27017 at /usr/local/ActivePerl-5.16/site/lib/MongoDB/MongoClient.pm line 228.
couldn't connect to server localhost:27017 at /usr/local/ActivePerl-5.16/site/lib/MongoDB/MongoClient.pm line 228.
couldn't connect to server localhost:27017 at /usr/local/ActivePerl-5.16/site/lib/MongoDB/MongoClient.pm line 228.
couldn't connect to server localhost:27017 at /usr/local/ActivePerl-5.16/site/lib/MongoDB/MongoClient.pm line 228.
couldn't connect to server localhost:27017 at /usr/local/ActivePerl-5.16/site/lib/MongoDB/MongoClient.pm line 228.
couldn't connect to server localhost:27017 at /usr/local/ActivePerl-5.16/site/lib/MongoDB/MongoClient.pm line 228.
couldn't connect to server localhost:27017 at /usr/local/ActivePerl-5.16/site/lib/MongoDB/MongoClient.pm line 228.
couldn't connect to server localhost:27017 at /usr/local/ActivePerl-5.16/site/lib/MongoDB/MongoClient.pm line 228.
couldn't connect to server localhost:27017 at /usr/local/ActivePerl-5.16/site/lib/MongoDB/MongoClient.pm line 228.
couldn't connect to server localhost:27017 at /usr/local/ActivePerl-5.16/site/lib/MongoDB/MongoClient.pm line 228.
couldn't connect to server localhost:27017 at /usr/local/ActivePerl-5.16/site/lib/MongoDB/MongoClient.pm line 228.
couldn't connect to server localhost:27017 at /usr/local/ActivePerl-5.16/site/lib/MongoDB/MongoClient.pm line 228.
couldn't connect to server localhost:27017 at /usr/local/ActivePerl-5.16/site/lib/MongoDB/MongoClient.pm line 228.
couldn't connect to server localhost:27017 at /usr/local/ActivePerl-5.16/site/lib/MongoDB/MongoClient.pm line 228.
couldn't connect to server localhost:27017 at /usr/local/ActivePerl-5.16/site/lib/MongoDB/MongoClient.pm line 228.
couldn't connect to server localhost:27017 at /usr/local/ActivePerl-5.16/site/lib/MongoDB/MongoClient.pm line 228.
couldn't connect to server localhost:27017 at /usr/local/ActivePerl-5.16/site/lib/MongoDB/MongoClient.pm line 228.
couldn't connect to server localhost:27017 at /usr/local/ActivePerl-5.16/site/lib/MongoDB/MongoClient.pm line 228.
couldn't connect to server localhost:27017 at /usr/local/ActivePerl-5.16/site/lib/MongoDB/MongoClient.pm line 228.
couldn't connect to server localhost:27017 at /usr/local/ActivePerl-5.16/site/lib/MongoDB/MongoClient.pm line 228.
couldn't connect to server localhost:27017 at /usr/local/ActivePerl-5.16/site/lib/MongoDB/MongoClient.pm line 228.
couldn't connect to server localhost:27017 at /usr/local/ActivePerl-5.16/site/lib/MongoDB/MongoClient.pm line 228.
couldn't connect to server localhost:27017 at /usr/local/ActivePerl-5.16/site/lib/MongoDB/MongoClient.pm line 228.
couldn't connect to server localhost:27017 at /usr/local/ActivePerl-5.16/site/lib/MongoDB/MongoClient.pm line 228.
couldn't connect to server localhost:27017 at /usr/local/ActivePerl-5.16/site/lib/MongoDB/MongoClient.pm line 228.
couldn't connect to server localhost:27017 at /usr/local/ActivePerl-5.16/site/lib/MongoDB/MongoClient.pm line 228.
couldn't connect to server localhost:27017 at /usr/local/ActivePerl-5.16/site/lib/MongoDB/MongoClient.pm line 228.
couldn't connect to server localhost:27017 at /usr/local/ActivePerl-5.16/site/lib/MongoDB/MongoClient.pm line 228.
couldn't connect to server localhost:27017 at /usr/local/ActivePerl-5.16/site/lib/MongoDB/MongoClient.pm line 228.
couldn't connect to server localhost:27017 at /usr/local/ActivePerl-5.16/site/lib/MongoDB/MongoClient.pm line 228.
couldn't connect to server localhost:27017 at /usr/local/ActivePerl-5.16/site/lib/MongoDB/MongoClient.pm line 228.
couldn't connect to server localhost:27017 at /usr/local/ActivePerl-5.16/site/lib/MongoDB/MongoClient.pm line 228.
couldn't connect to server localhost:27017 at /usr/local/ActivePerl-5.16/site/lib/MongoDB/MongoClient.pm line 228.
couldn't connect to server localhost:27017 at /usr/local/ActivePerl-5.16/site/lib/MongoDB/MongoClient.pm line 228.
couldn't connect to server localhost:27017 at /usr/local/ActivePerl-5.16/site/lib/MongoDB/MongoClient.pm line 228.
couldn't connect to server localhost:27017 at /usr/local/ActivePerl-5.16/site/lib/MongoDB/MongoClient.pm line 228.
couldn't connect to server localhost:27017 at /usr/local/ActivePerl-5.16/site/lib/MongoDB/MongoClient.pm line 228.
couldn't connect to server localhost:27017 at /usr/local/ActivePerl-5.16/site/lib/MongoDB/MongoClient.pm line 228.
couldn't connect to server localhost:27017 at /usr/local/ActivePerl-5.16/site/lib/MongoDB/MongoClient.pm line 228.
couldn't connect to server localhost:27017 at /usr/local/ActivePerl-5.16/site/lib/MongoDB/MongoClient.pm line 228.
couldn't connect to server localhost:27017 at /usr/local/ActivePerl-5.16/site/lib/MongoDB/MongoClient.pm line 228.
couldn't connect to server localhost:27017 at /usr/local/ActivePerl-5.16/site/lib/MongoDB/MongoClient.pm line 228.
couldn't connect to server localhost:27017 at /usr/local/ActivePerl-5.16/site/lib/MongoDB/MongoClient.pm line 228.
couldn't connect to server localhost:27017 at /usr/local/ActivePerl-5.16/site/lib/MongoDB/MongoClient.pm line 228.
couldn't connect to server localhost:27017 at /usr/local/ActivePerl-5.16/site/lib/MongoDB/MongoClient.pm line 228.
couldn't connect to server localhost:27017 at /usr/local/ActivePerl-5.16/site/lib/MongoDB/MongoClient.pm line 228.
couldn't connect to server localhost:27017 at /usr/local/ActivePerl-5.16/site/lib/MongoDB/MongoClient.pm line 228.
couldn't connect to server localhost:27017 at /usr/local/ActivePerl-5.16/site/lib/MongoDB/MongoClient.pm line 228.
couldn't connect to server localhost:27017 at /usr/local/ActivePerl-5.16/site/lib/MongoDB/MongoClient.pm line 228.
couldn't connect to server localhost:27017 at /usr/local/ActivePerl-5.16/site/lib/MongoDB/MongoClient.pm line 228.
couldn't connect to server localhost:27017 at /usr/local/ActivePerl-5.16/site/lib/MongoDB/MongoClient.pm line 228.
couldn't connect to server localhost:27017 at /usr/local/ActivePerl-5.16/site/lib/MongoDB/MongoClient.pm line 228.
couldn't connect to server localhost:27017 at /usr/local/ActivePerl-5.16/site/lib/MongoDB/MongoClient.pm line 228.
couldn't connect to server localhost:27017 at /usr/local/ActivePerl-5.16/site/lib/MongoDB/MongoClient.pm line 228.
couldn't connect to server localhost:27017 at /usr/local/ActivePerl-5.16/site/lib/MongoDB/MongoClient.pm line 228.
couldn't connect to server localhost:27017 at /usr/local/ActivePerl-5.16/site/lib/MongoDB/MongoClient.pm line 228.
couldn't connect to server localhost:27017 at /usr/local/ActivePerl-5.16/site/lib/MongoDB/MongoClient.pm line 228.
couldn't connect to server localhost:27017 at /usr/local/ActivePerl-5.16/site/lib/MongoDB/MongoClient.pm line 228.
couldn't connect to server localhost:27017 at /usr/local/ActivePerl-5.16/site/lib/MongoDB/MongoClient.pm line 228.
couldn't connect to server localhost:27017 at /usr/local/ActivePerl-5.16/site/lib/MongoDB/MongoClient.pm line 228.
couldn't connect to server localhost:27017 at /usr/local/ActivePerl-5.16/site/lib/MongoDB/MongoClient.pm line 228.
couldn't connect to server localhost:27017 at /usr/local/ActivePerl-5.16/site/lib/MongoDB/MongoClient.pm line 228.
couldn't connect to server localhost:27017 at /usr/local/ActivePerl-5.16/site/lib/MongoDB/MongoClient.pm line 228.
couldn't connect to server localhost:27017 at /usr/local/ActivePerl-5.16/site/lib/MongoDB/MongoClient.pm line 228.
couldn't connect to server localhost:27017 at /usr/local/ActivePerl-5.16/site/lib/MongoDB/MongoClient.pm line 228.
couldn't connect to server localhost:27017 at /usr/local/ActivePerl-5.16/site/lib/MongoDB/MongoClient.pm line 228.
couldn't connect to server localhost:27017 at /usr/local/ActivePerl-5.16/site/lib/MongoDB/MongoClient.pm line 228.
couldn't connect to server localhost:27017 at /usr/local/ActivePerl-5.16/site/lib/MongoDB/MongoClient.pm line 228.
couldn't connect to server localhost:27017 at /usr/local/ActivePerl-5.16/site/lib/MongoDB/MongoClient.pm line 228.
couldn't connect to server localhost:27017 at /usr/local/ActivePerl-5.16/site/lib/MongoDB/MongoClient.pm line 228.
couldn't connect to server localhost:27017 at /usr/local/ActivePerl-5.16/site/lib/MongoDB/MongoClient.pm line 228.
couldn't connect to server localhost:27017 at /usr/local/ActivePerl-5.16/site/lib/MongoDB/MongoClient.pm line 228.
couldn't connect to server localhost:27017 at /usr/local/ActivePerl-5.16/site/lib/MongoDB/MongoClient.pm line 228.
couldn't connect to server localhost:27017 at /usr/local/ActivePerl-5.16/site/lib/MongoDB/MongoClient.pm line 228.
couldn't connect to server localhost:27017 at /usr/local/ActivePerl-5.16/site/lib/MongoDB/MongoClient.pm line 228.
couldn't connect to server localhost:27017 at /usr/local/ActivePerl-5.16/site/lib/MongoDB/MongoClient.pm line 228.
couldn't connect to server localhost:27017 at /usr/local/ActivePerl-5.16/site/lib/MongoDB/MongoClient.pm line 228.
couldn't connect to server localhost:27017 at /usr/local/ActivePerl-5.16/site/lib/MongoDB/MongoClient.pm line 228.
couldn't connect to server localhost:27017 at /usr/local/ActivePerl-5.16/site/lib/MongoDB/MongoClient.pm line 228.
couldn't connect to server localhost:27017 at /usr/local/ActivePerl-5.16/site/lib/MongoDB/MongoClient.pm line 228.
couldn't connect to server localhost:27017 at /usr/local/ActivePerl-5.16/site/lib/MongoDB/MongoClient.pm line 228.
couldn't connect to server localhost:27017 at /usr/local/ActivePerl-5.16/site/lib/MongoDB/MongoClient.pm line 228.
couldn't connect to server localhost:27017 at /usr/local/ActivePerl-5.16/site/lib/MongoDB/MongoClient.pm line 228.
couldn't connect to server localhost:27017 at /usr/local/ActivePerl-5.16/site/lib/MongoDB/MongoClient.pm line 228.
couldn't connect to server localhost:27017 at /usr/local/ActivePerl-5.16/site/lib/MongoDB/MongoClient.pm line 228.
couldn't connect to server localhost:27017 at /usr/local/ActivePerl-5.16/site/lib/MongoDB/MongoClient.pm line 228.
couldn't connect to server localhost:27017 at /usr/local/ActivePerl-5.16/site/lib/MongoDB/MongoClient.pm line 228.
couldn't connect to server localhost:27017 at /usr/local/ActivePerl-5.16/site/lib/MongoDB/MongoClient.pm line 228.
couldn't connect to server localhost:27017 at /usr/local/ActivePerl-5.16/site/lib/MongoDB/MongoClient.pm line 228.
couldn't connect to server localhost:27017 at /usr/local/ActivePerl-5.16/site/lib/MongoDB/MongoClient.pm line 228.
couldn't connect to server localhost:27017 at /usr/local/ActivePerl-5.16/site/lib/MongoDB/MongoClient.pm line 228.
couldn't connect to server localhost:27017 at /usr/local/ActivePerl-5.16/site/lib/MongoDB/MongoClient.pm line 228.
couldn't connect to server localhost:27017 at /usr/local/ActivePerl-5.16/site/lib/MongoDB/MongoClient.pm line 228.
couldn't connect to server localhost:27017 at /usr/local/ActivePerl-5.16/site/lib/MongoDB/MongoClient.pm line 228.
couldn't connect to server localhost:27017 at /usr/local/ActivePerl-5.16/site/lib/MongoDB/MongoClient.pm line 228.
couldn't connect to server localhost:27017 at /usr/local/ActivePerl-5.16/site/lib/MongoDB/MongoClient.pm line 228.
couldn't connect to server localhost:27017 at /usr/local/ActivePerl-5.16/site/lib/MongoDB/MongoClient.pm line 228.
couldn't connect to server localhost:27017 at /usr/local/ActivePerl-5.16/site/lib/MongoDB/MongoClient.pm line 228.
couldn't connect to server localhost:27017 at /usr/local/ActivePerl-5.16/site/lib/MongoDB/MongoClient.pm line 228.
couldn't connect to server localhost:27017 at /usr/local/ActivePerl-5.16/site/lib/MongoDB/MongoClient.pm line 228.
couldn't connect to server localhost:27017 at /usr/local/ActivePerl-5.16/site/lib/MongoDB/MongoClient.pm line 228.
couldn't connect to server localhost:27017 at /usr/local/ActivePerl-5.16/site/lib/MongoDB/MongoClient.pm line 228.
couldn't connect to server localhost:27017 at /usr/local/ActivePerl-5.16/site/lib/MongoDB/MongoClient.pm line 228.
couldn't connect to server localhost:27017 at /usr/local/ActivePerl-5.16/site/lib/MongoDB/MongoClient.pm line 228.
couldn't connect to server localhost:27017 at /usr/local/ActivePerl-5.16/site/lib/MongoDB/MongoClient.pm line 228.
couldn't connect to server localhost:27017 at /usr/local/ActivePerl-5.16/site/lib/MongoDB/MongoClient.pm line 228.
couldn't connect to server localhost:27017 at /usr/local/ActivePerl-5.16/site/lib/MongoDB/MongoClient.pm line 228.
couldn't connect to server localhost:27017 at /usr/local/ActivePerl-5.16/site/lib/MongoDB/MongoClient.pm line 228.
couldn't connect to server localhost:27017 at /usr/local/ActivePerl-5.16/site/lib/MongoDB/MongoClient.pm line 228.
couldn't connect to server localhost:27017 at /usr/local/ActivePerl-5.16/site/lib/MongoDB/MongoClient.pm line 228.
couldn't connect to server localhost:27017 at /usr/local/ActivePerl-5.16/site/lib/MongoDB/MongoClient.pm line 228.
couldn't connect to server localhost:27017 at /usr/local/ActivePerl-5.16/site/lib/MongoDB/MongoClient.pm line 228.
couldn't connect to server localhost:27017 at /usr/local/ActivePerl-5.16/site/lib/MongoDB/MongoClient.pm line 228.
couldn't connect to server localhost:27017 at /usr/local/ActivePerl-5.16/site/lib/MongoDB/MongoClient.pm line 228.
couldn't connect to server localhost:27017 at /usr/local/ActivePerl-5.16/site/lib/MongoDB/MongoClient.pm line 228.
couldn't connect to server localhost:27017 at /usr/local/ActivePerl-5.16/site/lib/MongoDB/MongoClient.pm line 228.
couldn't connect to server localhost:27017 at /usr/local/ActivePerl-5.16/site/lib/MongoDB/MongoClient.pm line 228.
couldn't connect to server localhost:27017 at /usr/local/ActivePerl-5.16/site/lib/MongoDB/MongoClient.pm line 228.
couldn't connect to server localhost:27017 at /usr/local/ActivePerl-5.16/site/lib/MongoDB/MongoClient.pm line 228.
couldn't connect to server localhost:27017 at /usr/local/ActivePerl-5.16/site/lib/MongoDB/MongoClient.pm line 228.
couldn't connect to server localhost:27017 at /usr/local/ActivePerl-5.16/site/lib/MongoDB/MongoClient.pm line 228.
couldn't connect to server localhost:27017 at /usr/local/ActivePerl-5.16/site/lib/MongoDB/MongoClient.pm line 228.
couldn't connect to server localhost:27017 at /usr/local/ActivePerl-5.16/site/lib/MongoDB/MongoClient.pm line 228.
couldn't connect to server localhost:27017 at /usr/local/ActivePerl-5.16/site/lib/MongoDB/MongoClient.pm line 228.
couldn't connect to server localhost:27017 at /usr/local/ActivePerl-5.16/site/lib/MongoDB/MongoClient.pm line 228.
couldn't connect to server localhost:27017 at /usr/local/ActivePerl-5.16/site/lib/MongoDB/MongoClient.pm line 228.
couldn't connect to server localhost:27017 at /usr/local/ActivePerl-5.16/site/lib/MongoDB/MongoClient.pm line 228.
couldn't connect to server localhost:27017 at /usr/local/ActivePerl-5.16/site/lib/MongoDB/MongoClient.pm line 228.
couldn't connect to server localhost:27017 at /usr/local/ActivePerl-5.16/site/lib/MongoDB/MongoClient.pm line 228.
couldn't connect to server localhost:27017 at /usr/local/ActivePerl-5.16/site/lib/MongoDB/MongoClient.pm line 228.
couldn't connect to server localhost:27017 at /usr/local/ActivePerl-5.16/site/lib/MongoDB/MongoClient.pm line 228.
couldn't connect to server localhost:27017 at /usr/local/ActivePerl-5.16/site/lib/MongoDB/MongoClient.pm line 228.
couldn't connect to server localhost:27017 at /usr/local/ActivePerl-5.16/site/lib/MongoDB/MongoClient.pm line 228.
couldn't connect to server localhost:27017 at /usr/local/ActivePerl-5.16/site/lib/MongoDB/MongoClient.pm line 228.
couldn't connect to server localhost:27017 at /usr/local/ActivePerl-5.16/site/lib/MongoDB/MongoClient.pm line 228.
couldn't connect to server localhost:27017 at /usr/local/ActivePerl-5.16/site/lib/MongoDB/MongoClient.pm line 228.
couldn't connect to server localhost:27017 at /usr/local/ActivePerl-5.16/site/lib/MongoDB/MongoClient.pm line 228.
couldn't connect to server localhost:27017 at /usr/local/ActivePerl-5.16/site/lib/MongoDB/MongoClient.pm line 228.
couldn't connect to server localhost:27017 at /usr/local/ActivePerl-5.16/site/lib/MongoDB/MongoClient.pm line 228.
couldn't connect to server localhost:27017 at /usr/local/ActivePerl-5.16/site/lib/MongoDB/MongoClient.pm line 228.
couldn't connect to server localhost:27017 at /usr/local/ActivePerl-5.16/site/lib/MongoDB/MongoClient.pm line 228.
couldn't connect to server localhost:27017 at /usr/local/ActivePerl-5.16/site/lib/MongoDB/MongoClient.pm line 228.
couldn't connect to server localhost:27017 at /usr/local/ActivePerl-5.16/site/lib/MongoDB/MongoClient.pm line 228.
couldn't connect to server localhost:27017 at /usr/local/ActivePerl-5.16/site/lib/MongoDB/MongoClient.pm line 228.
couldn't connect to server localhost:27017 at /usr/local/ActivePerl-5.16/site/lib/MongoDB/MongoClient.pm line 228.
couldn't connect to server localhost:27017 at /usr/local/ActivePerl-5.16/site/lib/MongoDB/MongoClient.pm line 228.
couldn't connect to server localhost:27017 at /usr/local/ActivePerl-5.16/site/lib/MongoDB/MongoClient.pm line 228.
couldn't connect to server localhost:27017 at /usr/local/ActivePerl-5.16/site/lib/MongoDB/MongoClient.pm line 228.
couldn't connect to server localhost:27017 at /usr/local/ActivePerl-5.16/site/lib/MongoDB/MongoClient.pm line 228.
couldn't connect to server localhost:27017 at /usr/local/ActivePerl-5.16/site/lib/MongoDB/MongoClient.pm line 228.
couldn't connect to server localhost:27017 at /usr/local/ActivePerl-5.16/site/lib/MongoDB/MongoClient.pm line 228.
couldn't connect to server localhost:27017 at /usr/local/ActivePerl-5.16/site/lib/MongoDB/MongoClient.pm line 228.
couldn't connect to server localhost:27017 at /usr/local/ActivePerl-5.16/site/lib/MongoDB/MongoClient.pm line 228.
couldn't connect to server localhost:27017 at /usr/local/ActivePerl-5.16/site/lib/MongoDB/MongoClient.pm line 228.
couldn't connect to server localhost:27017 at /usr/local/ActivePerl-5.16/site/lib/MongoDB/MongoClient.pm line 228.
couldn't connect to server localhost:27017 at /usr/local/ActivePerl-5.16/site/lib/MongoDB/MongoClient.pm line 228.
couldn't connect to server localhost:27017 at /usr/local/ActivePerl-5.16/site/lib/MongoDB/MongoClient.pm line 228.
couldn't connect to server localhost:27017 at /usr/local/ActivePerl-5.16/site/lib/MongoDB/MongoClient.pm line 228.
couldn't connect to server localhost:27017 at /usr/local/ActivePerl-5.16/site/lib/MongoDB/MongoClient.pm line 228.
couldn't connect to server localhost:27017 at /usr/local/ActivePerl-5.16/site/lib/MongoDB/MongoClient.pm line 228.
couldn't connect to server localhost:27017 at /usr/local/ActivePerl-5.16/site/lib/MongoDB/MongoClient.pm line 228.
couldn't connect to server localhost:27017 at /usr/local/ActivePerl-5.16/site/lib/MongoDB/MongoClient.pm line 228.
couldn't connect to server localhost:27017 at /usr/local/ActivePerl-5.16/site/lib/MongoDB/MongoClient.pm line 228.
couldn't connect to server localhost:27017 at /usr/local/ActivePerl-5.16/site/lib/MongoDB/MongoClient.pm line 228.
couldn't connect to server localhost:27017 at /usr/local/ActivePerl-5.16/site/lib/MongoDB/MongoClient.pm line 228.
couldn't connect to server localhost:27017 at /usr/local/ActivePerl-5.16/site/lib/MongoDB/MongoClient.pm line 228.
couldn't connect to server localhost:27017 at /usr/local/ActivePerl-5.16/site/lib/MongoDB/MongoClient.pm line 228.
couldn't connect to server localhost:27017 at /usr/local/ActivePerl-5.16/site/lib/MongoDB/MongoClient.pm line 228.
couldn't connect to server localhost:27017 at /usr/local/ActivePerl-5.16/site/lib/MongoDB/MongoClient.pm line 228.
couldn't connect to server localhost:27017 at /usr/local/ActivePerl-5.16/site/lib/MongoDB/MongoClient.pm line 228.
couldn't connect to server localhost:27017 at /usr/local/ActivePerl-5.16/site/lib/MongoDB/MongoClient.pm line 228.
couldn't connect to server localhost:27017 at /usr/local/ActivePerl-5.16/site/lib/MongoDB/MongoClient.pm line 228.
couldn't connect to server localhost:27017 at /usr/local/ActivePerl-5.16/site/lib/MongoDB/MongoClient.pm line 228.
couldn't connect to server localhost:27017 at /usr/local/ActivePerl-5.16/site/lib/MongoDB/MongoClient.pm line 228.
couldn't connect to server localhost:27017 at /usr/local/ActivePerl-5.16/site/lib/MongoDB/MongoClient.pm line 228.
couldn't connect to server localhost:27017 at /usr/local/ActivePerl-5.16/site/lib/MongoDB/MongoClient.pm line 228.
couldn't connect to server localhost:27017 at /usr/local/ActivePerl-5.16/site/lib/MongoDB/MongoClient.pm line 228.
couldn't connect to server localhost:27017 at /usr/local/ActivePerl-5.16/site/lib/MongoDB/MongoClient.pm line 228.
couldn't connect to server localhost:27017 at /usr/local/ActivePerl-5.16/site/lib/MongoDB/MongoClient.pm line 228.
couldn't connect to server localhost:27017 at /usr/local/ActivePerl-5.16/site/lib/MongoDB/MongoClient.pm line 228.
couldn't connect to server localhost:27017 at /usr/local/ActivePerl-5.16/site/lib/MongoDB/MongoClient.pm line 228.
couldn't connect to server localhost:27017 at /usr/local/ActivePerl-5.16/site/lib/MongoDB/MongoClient.pm line 228.
couldn't connect to server localhost:27017 at /usr/local/ActivePerl-5.16/site/lib/MongoDB/MongoClient.pm line 228.
couldn't connect to server localhost:27017 at /usr/local/ActivePerl-5.16/site/lib/MongoDB/MongoClient.pm line 228.
couldn't connect to server localhost:27017 at /usr/local/ActivePerl-5.16/site/lib/MongoDB/MongoClient.pm line 228.
couldn't connect to server localhost:27017 at /usr/local/ActivePerl-5.16/site/lib/MongoDB/MongoClient.pm line 228.
couldn't connect to server localhost:27017 at /usr/local/ActivePerl-5.16/site/lib/MongoDB/MongoClient.pm line 228.
couldn't connect to server localhost:27017 at /usr/local/ActivePerl-5.16/site/lib/MongoDB/MongoClient.pm line 228.
couldn't connect to server localhost:27017 at /usr/local/ActivePerl-5.16/site/lib/MongoDB/MongoClient.pm line 228.
couldn't connect to server localhost:27017 at /usr/local/ActivePerl-5.16/site/lib/MongoDB/MongoClient.pm line 228.
couldn't connect to server localhost:27017 at /usr/local/ActivePerl-5.16/site/lib/MongoDB/MongoClient.pm line 228.
couldn't connect to server localhost:27017 at /usr/local/ActivePerl-5.16/site/lib/MongoDB/MongoClient.pm line 228.
couldn't connect to server localhost:27017 at /usr/local/ActivePerl-5.16/site/lib/MongoDB/MongoClient.pm line 228.
couldn't connect to server localhost:27017 at /usr/local/ActivePerl-5.16/site/lib/MongoDB/MongoClient.pm line 228.
couldn't connect to server localhost:27017 at /usr/local/ActivePerl-5.16/site/lib/MongoDB/MongoClient.pm line 228.
couldn't connect to server localhost:27017 at /usr/local/ActivePerl-5.16/site/lib/MongoDB/MongoClient.pm line 228.
couldn't connect to server localhost:27017 at /usr/local/ActivePerl-5.16/site/lib/MongoDB/MongoClient.pm line 228.
couldn't connect to server localhost:27017 at /usr/local/ActivePerl-5.16/site/lib/MongoDB/MongoClient.pm line 228.
couldn't connect to server localhost:27017 at /usr/local/ActivePerl-5.16/site/lib/MongoDB/MongoClient.pm line 228.
couldn't connect to server localhost:27017 at /usr/local/ActivePerl-5.16/site/lib/MongoDB/MongoClient.pm line 228.
couldn't connect to server localhost:27017 at /usr/local/ActivePerl-5.16/site/lib/MongoDB/MongoClient.pm line 228.
couldn't connect to server localhost:27017 at /usr/local/ActivePerl-5.16/site/lib/MongoDB/MongoClient.pm line 228.
couldn't connect to server localhost:27017 at /usr/local/ActivePerl-5.16/site/lib/MongoDB/MongoClient.pm line 228.
couldn't connect to server localhost:27017 at /usr/local/ActivePerl-5.16/site/lib/MongoDB/MongoClient.pm line 228.
couldn't connect to server localhost:27017 at /usr/local/ActivePerl-5.16/site/lib/MongoDB/MongoClient.pm line 228.
couldn't connect to server localhost:27017 at /usr/local/ActivePerl-5.16/site/lib/MongoDB/MongoClient.pm line 228.
couldn't connect to server localhost:27017 at /usr/local/ActivePerl-5.16/site/lib/MongoDB/MongoClient.pm line 228.
couldn't connect to server localhost:27017 at /usr/local/ActivePerl-5.16/site/lib/MongoDB/MongoClient.pm line 228.
couldn't connect to server localhost:27017 at /usr/local/ActivePerl-5.16/site/lib/MongoDB/MongoClient.pm line 228.
couldn't connect to server localhost:27017 at /usr/local/ActivePerl-5.16/site/lib/MongoDB/MongoClient.pm line 228.
couldn't connect to server localhost:27017 at /usr/local/ActivePerl-5.16/site/lib/MongoDB/MongoClient.pm line 228.
couldn't connect to server localhost:27017 at /usr/local/ActivePerl-5.16/site/lib/MongoDB/MongoClient.pm line 228.
couldn't connect to server localhost:27017 at /usr/local/ActivePerl-5.16/site/lib/MongoDB/MongoClient.pm line 228.
couldn't connect to server localhost:27017 at /usr/local/ActivePerl-5.16/site/lib/MongoDB/MongoClient.pm line 228.
couldn't connect to server localhost:27017 at /usr/local/ActivePerl-5.16/site/lib/MongoDB/MongoClient.pm line 228.
couldn't connect to server localhost:27017 at /usr/local/ActivePerl-5.16/site/lib/MongoDB/MongoClient.pm line 228.
couldn't connect to server localhost:27017 at /usr/local/ActivePerl-5.16/site/lib/MongoDB/MongoClient.pm line 228.
couldn't connect to server localhost:27017 at /usr/local/ActivePerl-5.16/site/lib/MongoDB/MongoClient.pm line 228.
couldn't connect to server localhost:27017 at /usr/local/ActivePerl-5.16/site/lib/MongoDB/MongoClient.pm line 228.
couldn't connect to server localhost:27017 at /usr/local/ActivePerl-5.16/site/lib/MongoDB/MongoClient.pm line 228.
