2014-01-22 03:27:41
Checking http://shop.nordstrom.com/S/diesel-jhupp-jacket/3559867?origin=related-3559867-0-1-5-2-RR&PageCategoryId=PPÉ

Found Small...
Found Medium...
Found Large...
Found size Large! Sending email!!!
Found X-Large...
Found XX-Large...
2014-01-22 03:27:45
Checking http://shop.nordstrom.com/s/robert-graham-floyd-tailored-fit-sport-shirt/3502613É

2014-01-22 03:28:35
Checking http://shop.nordstrom.com/s/robert-graham-floyd-tailored-fit-sport-shirt/3502613É

2014-01-22 03:38:01
Checking http://shop.nordstrom.com/s/robert-graham-floyd-tailored-fit-sport-shirt/3502613É

2014-01-22 03:39:56
Checking http://shop.nordstrom.com/s/robert-graham-floyd-tailored-fit-sport-shirt/3502613É

2014-01-22 03:44:06
Checking http://shop.nordstrom.com/s/robert-graham-floyd-tailored-fit-sport-shirt/3502613É

Hello!2014-01-22 03:50:01
Checking http://shop.nordstrom.com/s/robert-graham-floyd-tailored-fit-sport-shirt/3502613É

2014-01-22 03:50:41
Checking http://shop.nordstrom.com/s/robert-graham-floyd-tailored-fit-sport-shirt/3502613É

2014-01-22 03:54:09
Checking http://shop.nordstrom.com/s/prana-megan-hooded-jacket/3588366?origin=category-personalizedsort&contextualcategoryid=0&fashionColor=&resultback=4976&cm_sp=personalizedsort-_-browseresults-_-1_13_CÉ

Found Large...
Found X-Large...
2014-01-22 03:54:10
Checking http://shop.nordstrom.com/s/robert-graham-floyd-tailored-fit-sport-shirt/3502613É

Found Large...
Found X-Large...
Found XX-Large...
2014-01-22 04:14:17
Checking http://shop.nordstrom.com/s/prana-megan-hooded-jacket/3588366?origin=category-personalizedsort&contextualcategoryid=0&fashionColor=&resultback=4976&cm_sp=personalizedsort-_-browseresults-_-1_13_CÉ

Found Large...
Found X-Large...
2014-01-22 04:14:18
Checking http://shop.nordstrom.com/s/robert-graham-floyd-tailored-fit-sport-shirt/3502613É

Found Large...
Found X-Large...
Found XX-Large...
2014-01-22 04:44:19
Checking http://shop.nordstrom.com/s/prana-megan-hooded-jacket/3588366?origin=category-personalizedsort&contextualcategoryid=0&fashionColor=&resultback=4976&cm_sp=personalizedsort-_-browseresults-_-1_13_CÉ

Found Large...
Found X-Large...
2014-01-22 04:44:21
Checking http://shop.nordstrom.com/s/robert-graham-floyd-tailored-fit-sport-shirt/3502613É

Found Large...
Found X-Large...
Found XX-Large...
2014-01-22 05:14:16
Checking http://shop.nordstrom.com/s/prana-megan-hooded-jacket/3588366?origin=category-personalizedsort&contextualcategoryid=0&fashionColor=&resultback=4976&cm_sp=personalizedsort-_-browseresults-_-1_13_CÉ

Found Large...
Found X-Large...
2014-01-22 05:14:18
Checking http://shop.nordstrom.com/s/robert-graham-floyd-tailored-fit-sport-shirt/3502613É

Found Large...
Found X-Large...
Found XX-Large...
2014-01-22 05:44:18
Checking http://shop.nordstrom.com/s/prana-megan-hooded-jacket/3588366?origin=category-personalizedsort&contextualcategoryid=0&fashionColor=&resultback=4976&cm_sp=personalizedsort-_-browseresults-_-1_13_CÉ

Found Large...
Found X-Large...
2014-01-22 05:44:19
Checking http://shop.nordstrom.com/s/robert-graham-floyd-tailored-fit-sport-shirt/3502613É

Found Large...
Found X-Large...
Found XX-Large...
2014-01-22 06:14:16
Checking http://shop.nordstrom.com/s/prana-megan-hooded-jacket/3588366?origin=category-personalizedsort&contextualcategoryid=0&fashionColor=&resultback=4976&cm_sp=personalizedsort-_-browseresults-_-1_13_CÉ

Found Large...
Found X-Large...
2014-01-22 06:14:18
Checking http://shop.nordstrom.com/s/robert-graham-floyd-tailored-fit-sport-shirt/3502613É

Found Large...
Found X-Large...
Found XX-Large...
2014-01-22 06:44:17
Checking http://shop.nordstrom.com/s/prana-megan-hooded-jacket/3588366?origin=category-personalizedsort&contextualcategoryid=0&fashionColor=&resultback=4976&cm_sp=personalizedsort-_-browseresults-_-1_13_CÉ

Found Large...
Found X-Large...
2014-01-22 06:44:18
Checking http://shop.nordstrom.com/s/robert-graham-floyd-tailored-fit-sport-shirt/3502613É

Found Large...
Found X-Large...
Found XX-Large...
2014-01-22 07:14:16
Checking http://shop.nordstrom.com/s/prana-megan-hooded-jacket/3588366?origin=category-personalizedsort&contextualcategoryid=0&fashionColor=&resultback=4976&cm_sp=personalizedsort-_-browseresults-_-1_13_CÉ

Found Large...
Found X-Large...
2014-01-22 07:14:18
Checking http://shop.nordstrom.com/s/robert-graham-floyd-tailored-fit-sport-shirt/3502613É

Found Large...
Found X-Large...
Found XX-Large...
2014-01-22 07:44:19
Checking http://shop.nordstrom.com/s/prana-megan-hooded-jacket/3588366?origin=category-personalizedsort&contextualcategoryid=0&fashionColor=&resultback=4976&cm_sp=personalizedsort-_-browseresults-_-1_13_CÉ

Found Large...
Found X-Large...
2014-01-22 07:44:20
Checking http://shop.nordstrom.com/s/robert-graham-floyd-tailored-fit-sport-shirt/3502613É

Found Large...
Found X-Large...
Found XX-Large...
2014-01-22 08:14:16
Checking http://shop.nordstrom.com/s/prana-megan-hooded-jacket/3588366?origin=category-personalizedsort&contextualcategoryid=0&fashionColor=&resultback=4976&cm_sp=personalizedsort-_-browseresults-_-1_13_CÉ

Found Large...
Found X-Large...
2014-01-22 08:14:18
Checking http://shop.nordstrom.com/s/robert-graham-floyd-tailored-fit-sport-shirt/3502613É

Found Large...
Found X-Large...
Found XX-Large...
2014-01-22 08:44:17
Checking http://shop.nordstrom.com/s/prana-megan-hooded-jacket/3588366?origin=category-personalizedsort&contextualcategoryid=0&fashionColor=&resultback=4976&cm_sp=personalizedsort-_-browseresults-_-1_13_CÉ

Found Large...
Found X-Large...
2014-01-22 08:44:18
Checking http://shop.nordstrom.com/s/robert-graham-floyd-tailored-fit-sport-shirt/3502613É

Found Large...
Found X-Large...
Found XX-Large...
2014-01-22 09:14:16
Checking http://shop.nordstrom.com/s/prana-megan-hooded-jacket/3588366?origin=category-personalizedsort&contextualcategoryid=0&fashionColor=&resultback=4976&cm_sp=personalizedsort-_-browseresults-_-1_13_CÉ

Found Large...
Found X-Large...
2014-01-22 09:14:17
Checking http://shop.nordstrom.com/s/robert-graham-floyd-tailored-fit-sport-shirt/3502613É

Found Large...
Found X-Large...
Found XX-Large...
2014-01-22 09:44:16
Checking http://shop.nordstrom.com/s/prana-megan-hooded-jacket/3588366?origin=category-personalizedsort&contextualcategoryid=0&fashionColor=&resultback=4976&cm_sp=personalizedsort-_-browseresults-_-1_13_CÉ

Found Large...
Found X-Large...
2014-01-22 09:44:18
Checking http://shop.nordstrom.com/s/robert-graham-floyd-tailored-fit-sport-shirt/3502613É

Found Large...
Found X-Large...
Found XX-Large...
2014-01-22 10:14:16
Checking http://shop.nordstrom.com/s/prana-megan-hooded-jacket/3588366?origin=category-personalizedsort&contextualcategoryid=0&fashionColor=&resultback=4976&cm_sp=personalizedsort-_-browseresults-_-1_13_CÉ

Found Large...
Found X-Large...
2014-01-22 10:14:17
Checking http://shop.nordstrom.com/s/robert-graham-floyd-tailored-fit-sport-shirt/3502613É

Found Large...
Found X-Large...
Found XX-Large...
2014-01-22 10:44:19
Checking http://shop.nordstrom.com/s/prana-megan-hooded-jacket/3588366?origin=category-personalizedsort&contextualcategoryid=0&fashionColor=&resultback=4976&cm_sp=personalizedsort-_-browseresults-_-1_13_CÉ

Found Large...
Found X-Large...
2014-01-22 10:44:20
Checking http://shop.nordstrom.com/s/robert-graham-floyd-tailored-fit-sport-shirt/3502613É

Found Large...
Found X-Large...
Found XX-Large...
2014-01-22 11:14:16
Checking http://shop.nordstrom.com/s/prana-megan-hooded-jacket/3588366?origin=category-personalizedsort&contextualcategoryid=0&fashionColor=&resultback=4976&cm_sp=personalizedsort-_-browseresults-_-1_13_CÉ

Found Large...
Found X-Large...
2014-01-22 11:14:23
Checking http://shop.nordstrom.com/s/robert-graham-floyd-tailored-fit-sport-shirt/3502613É

Found Large...
Found X-Large...
Found XX-Large...
2014-01-22 11:44:16
Checking http://shop.nordstrom.com/s/prana-megan-hooded-jacket/3588366?origin=category-personalizedsort&contextualcategoryid=0&fashionColor=&resultback=4976&cm_sp=personalizedsort-_-browseresults-_-1_13_CÉ

Found Large...
Found X-Large...
2014-01-22 11:44:17
Checking http://shop.nordstrom.com/s/robert-graham-floyd-tailored-fit-sport-shirt/3502613É

Found Large...
Found X-Large...
Found XX-Large...
2014-01-22 12:14:17
Checking http://shop.nordstrom.com/s/prana-megan-hooded-jacket/3588366?origin=category-personalizedsort&contextualcategoryid=0&fashionColor=&resultback=4976&cm_sp=personalizedsort-_-browseresults-_-1_13_CÉ

Found Large...
Found X-Large...
2014-01-22 12:14:18
Checking http://shop.nordstrom.com/s/robert-graham-floyd-tailored-fit-sport-shirt/3502613É

Found Large...
Found X-Large...
Found XX-Large...
2014-01-22 12:44:16
Checking http://shop.nordstrom.com/s/prana-megan-hooded-jacket/3588366?origin=category-personalizedsort&contextualcategoryid=0&fashionColor=&resultback=4976&cm_sp=personalizedsort-_-browseresults-_-1_13_CÉ

Found Large...
Found X-Large...
2014-01-22 12:44:17
Checking http://shop.nordstrom.com/s/robert-graham-floyd-tailored-fit-sport-shirt/3502613É

Found Large...
Found X-Large...
Found XX-Large...
2014-01-22 13:14:16
Checking http://shop.nordstrom.com/s/prana-megan-hooded-jacket/3588366?origin=category-personalizedsort&contextualcategoryid=0&fashionColor=&resultback=4976&cm_sp=personalizedsort-_-browseresults-_-1_13_CÉ

Found Large...
Found X-Large...
2014-01-22 13:14:17
Checking http://shop.nordstrom.com/s/robert-graham-floyd-tailored-fit-sport-shirt/3502613É

Found Large...
Found X-Large...
Found XX-Large...
2014-01-22 13:44:16
Checking http://shop.nordstrom.com/s/prana-megan-hooded-jacket/3588366?origin=category-personalizedsort&contextualcategoryid=0&fashionColor=&resultback=4976&cm_sp=personalizedsort-_-browseresults-_-1_13_CÉ

Found Large...
Found X-Large...
2014-01-22 13:44:17
Checking http://shop.nordstrom.com/s/robert-graham-floyd-tailored-fit-sport-shirt/3502613É

Found Large...
Found X-Large...
Found XX-Large...
2014-01-24 00:37:24
Checking http://shop.nordstrom.com/s/prana-megan-hooded-jacket/3588366?origin=category-personalizedsort&contextualcategoryid=0&fashionColor=&resultback=4976&cm_sp=personalizedsort-_-browseresults-_-1_13_CÉ

Found Large...
Found X-Large...
2014-01-24 01:07:26
Checking http://shop.nordstrom.com/s/prana-megan-hooded-jacket/3588366?origin=category-personalizedsort&contextualcategoryid=0&fashionColor=&resultback=4976&cm_sp=personalizedsort-_-browseresults-_-1_13_CÉ

Found Large...
Found X-Large...
2014-01-24 01:37:19
Checking http://shop.nordstrom.com/s/prana-megan-hooded-jacket/3588366?origin=category-personalizedsort&contextualcategoryid=0&fashionColor=&resultback=4976&cm_sp=personalizedsort-_-browseresults-_-1_13_CÉ

Found Large...
Found X-Large...
2014-01-24 02:07:18
Checking http://shop.nordstrom.com/s/prana-megan-hooded-jacket/3588366?origin=category-personalizedsort&contextualcategoryid=0&fashionColor=&resultback=4976&cm_sp=personalizedsort-_-browseresults-_-1_13_CÉ

Found Large...
Found X-Large...
2014-01-24 02:37:18
Checking http://shop.nordstrom.com/s/prana-megan-hooded-jacket/3588366?origin=category-personalizedsort&contextualcategoryid=0&fashionColor=&resultback=4976&cm_sp=personalizedsort-_-browseresults-_-1_13_CÉ

Found Large...
Found X-Large...
2014-01-24 03:07:19
Checking http://shop.nordstrom.com/s/prana-megan-hooded-jacket/3588366?origin=category-personalizedsort&contextualcategoryid=0&fashionColor=&resultback=4976&cm_sp=personalizedsort-_-browseresults-_-1_13_CÉ

Found Large...
Found X-Large...
2014-01-24 03:37:19
Checking http://shop.nordstrom.com/s/prana-megan-hooded-jacket/3588366?origin=category-personalizedsort&contextualcategoryid=0&fashionColor=&resultback=4976&cm_sp=personalizedsort-_-browseresults-_-1_13_CÉ

Found Large...
Found X-Large...
2014-01-24 04:07:10
Checking http://shop.nordstrom.com/s/prana-megan-hooded-jacket/3588366?origin=category-personalizedsort&contextualcategoryid=0&fashionColor=&resultback=4976&cm_sp=personalizedsort-_-browseresults-_-1_13_CÉ

Found Large...
Found X-Large...
2014-01-24 04:37:11
Checking http://shop.nordstrom.com/s/prana-megan-hooded-jacket/3588366?origin=category-personalizedsort&contextualcategoryid=0&fashionColor=&resultback=4976&cm_sp=personalizedsort-_-browseresults-_-1_13_CÉ

Found Large...
Found X-Large...
2014-01-24 05:07:09
Checking http://shop.nordstrom.com/s/prana-megan-hooded-jacket/3588366?origin=category-personalizedsort&contextualcategoryid=0&fashionColor=&resultback=4976&cm_sp=personalizedsort-_-browseresults-_-1_13_CÉ

Found Large...
Found X-Large...
2014-01-24 05:37:09
Checking http://shop.nordstrom.com/s/prana-megan-hooded-jacket/3588366?origin=category-personalizedsort&contextualcategoryid=0&fashionColor=&resultback=4976&cm_sp=personalizedsort-_-browseresults-_-1_13_CÉ

Found Large...
Found X-Large...
2014-01-24 06:07:08
Checking http://shop.nordstrom.com/s/prana-megan-hooded-jacket/3588366?origin=category-personalizedsort&contextualcategoryid=0&fashionColor=&resultback=4976&cm_sp=personalizedsort-_-browseresults-_-1_13_CÉ

Found Large...
Found X-Large...
2014-01-24 06:37:08
Checking http://shop.nordstrom.com/s/prana-megan-hooded-jacket/3588366?origin=category-personalizedsort&contextualcategoryid=0&fashionColor=&resultback=4976&cm_sp=personalizedsort-_-browseresults-_-1_13_CÉ

Found Large...
Found X-Large...
2014-01-24 07:07:09
Checking http://shop.nordstrom.com/s/prana-megan-hooded-jacket/3588366?origin=category-personalizedsort&contextualcategoryid=0&fashionColor=&resultback=4976&cm_sp=personalizedsort-_-browseresults-_-1_13_CÉ

Found Large...
Found X-Large...
2014-01-24 07:37:08
Checking http://shop.nordstrom.com/s/prana-megan-hooded-jacket/3588366?origin=category-personalizedsort&contextualcategoryid=0&fashionColor=&resultback=4976&cm_sp=personalizedsort-_-browseresults-_-1_13_CÉ

Found Large...
Found X-Large...
2014-01-24 08:07:08
Checking http://shop.nordstrom.com/s/prana-megan-hooded-jacket/3588366?origin=category-personalizedsort&contextualcategoryid=0&fashionColor=&resultback=4976&cm_sp=personalizedsort-_-browseresults-_-1_13_CÉ

Found Large...
Found X-Large...
2014-01-24 08:37:08
Checking http://shop.nordstrom.com/s/prana-megan-hooded-jacket/3588366?origin=category-personalizedsort&contextualcategoryid=0&fashionColor=&resultback=4976&cm_sp=personalizedsort-_-browseresults-_-1_13_CÉ

Found Large...
Found X-Large...
2014-01-24 09:07:08
Checking http://shop.nordstrom.com/s/prana-megan-hooded-jacket/3588366?origin=category-personalizedsort&contextualcategoryid=0&fashionColor=&resultback=4976&cm_sp=personalizedsort-_-browseresults-_-1_13_CÉ

Found Large...
Found X-Large...
2014-01-25 21:30:38
Checking http://shop.nordstrom.com/s/prana-megan-hooded-jacket/3588366?origin=category-personalizedsort&contextualcategoryid=0&fashionColor=&resultback=4976&cm_sp=personalizedsort-_-browseresults-_-1_13_CÉ

Found X-Small...
Found Large...
2014-01-25 21:59:07
Checking http://shop.nordstrom.com/s/prana-megan-hooded-jacket/3588366?origin=category-personalizedsort&contextualcategoryid=0&fashionColor=&resultback=4976&cm_sp=personalizedsort-_-browseresults-_-1_13_CÉ

Found X-Small...
Found Large...
2014-01-25 22:29:01
Checking http://shop.nordstrom.com/s/prana-megan-hooded-jacket/3588366?origin=category-personalizedsort&contextualcategoryid=0&fashionColor=&resultback=4976&cm_sp=personalizedsort-_-browseresults-_-1_13_CÉ

Found X-Small...
Found Large...
2014-01-25 22:59:03
Checking http://shop.nordstrom.com/s/prana-megan-hooded-jacket/3588366?origin=category-personalizedsort&contextualcategoryid=0&fashionColor=&resultback=4976&cm_sp=personalizedsort-_-browseresults-_-1_13_CÉ

Found X-Small...
Found Large...
2014-01-29 01:39:48
Checking http://shop.nordstrom.com/s/prana-megan-hooded-jacket/3588366?origin=category-personalizedsort&contextualcategoryid=0&fashionColor=&resultback=4976&cm_sp=personalizedsort-_-browseresults-_-1_13_CÉ

2014-01-29 02:09:29
Checking http://shop.nordstrom.com/s/prana-megan-hooded-jacket/3588366?origin=category-personalizedsort&contextualcategoryid=0&fashionColor=&resultback=4976&cm_sp=personalizedsort-_-browseresults-_-1_13_CÉ

2014-02-01 01:46:45
Checking http://shop.nordstrom.com/s/prana-megan-hooded-jacket/3588366?origin=category-personalizedsort&contextualcategoryid=0&fashionColor=&resultback=4976&cm_sp=personalizedsort-_-browseresults-_-1_13_CÉ

2014-02-01 02:16:33
Checking http://shop.nordstrom.com/s/prana-megan-hooded-jacket/3588366?origin=category-personalizedsort&contextualcategoryid=0&fashionColor=&resultback=4976&cm_sp=personalizedsort-_-browseresults-_-1_13_CÉ

2014-02-01 02:46:29
Checking http://shop.nordstrom.com/s/prana-megan-hooded-jacket/3588366?origin=category-personalizedsort&contextualcategoryid=0&fashionColor=&resultback=4976&cm_sp=personalizedsort-_-browseresults-_-1_13_CÉ

2014-02-01 03:16:31
Checking http://shop.nordstrom.com/s/prana-megan-hooded-jacket/3588366?origin=category-personalizedsort&contextualcategoryid=0&fashionColor=&resultback=4976&cm_sp=personalizedsort-_-browseresults-_-1_13_CÉ

2014-02-01 03:46:29
Checking http://shop.nordstrom.com/s/prana-megan-hooded-jacket/3588366?origin=category-personalizedsort&contextualcategoryid=0&fashionColor=&resultback=4976&cm_sp=personalizedsort-_-browseresults-_-1_13_CÉ

2014-02-01 04:16:30
Checking http://shop.nordstrom.com/s/prana-megan-hooded-jacket/3588366?origin=category-personalizedsort&contextualcategoryid=0&fashionColor=&resultback=4976&cm_sp=personalizedsort-_-browseresults-_-1_13_CÉ

2014-02-02 02:59:52
Checking http://shop.nordstrom.com/s/prana-megan-hooded-jacket/3588366?origin=category-personalizedsort&contextualcategoryid=0&fashionColor=&resultback=4976&cm_sp=personalizedsort-_-browseresults-_-1_13_CÉ

2014-02-02 03:29:45
Checking http://shop.nordstrom.com/s/prana-megan-hooded-jacket/3588366?origin=category-personalizedsort&contextualcategoryid=0&fashionColor=&resultback=4976&cm_sp=personalizedsort-_-browseresults-_-1_13_CÉ

2014-02-02 03:59:42
Checking http://shop.nordstrom.com/s/prana-megan-hooded-jacket/3588366?origin=category-personalizedsort&contextualcategoryid=0&fashionColor=&resultback=4976&cm_sp=personalizedsort-_-browseresults-_-1_13_CÉ

2014-02-02 16:00:43
Checking http://shop.nordstrom.com/s/prana-megan-hooded-jacket/3588366?origin=category-personalizedsort&contextualcategoryid=0&fashionColor=&resultback=4976&cm_sp=personalizedsort-_-browseresults-_-1_13_CÉ

2014-02-02 16:30:23
Checking http://shop.nordstrom.com/s/prana-megan-hooded-jacket/3588366?origin=category-personalizedsort&contextualcategoryid=0&fashionColor=&resultback=4976&cm_sp=personalizedsort-_-browseresults-_-1_13_CÉ

2014-02-02 17:00:22
Checking http://shop.nordstrom.com/s/prana-megan-hooded-jacket/3588366?origin=category-personalizedsort&contextualcategoryid=0&fashionColor=&resultback=4976&cm_sp=personalizedsort-_-browseresults-_-1_13_CÉ

2014-02-02 17:30:23
Checking http://shop.nordstrom.com/s/prana-megan-hooded-jacket/3588366?origin=category-personalizedsort&contextualcategoryid=0&fashionColor=&resultback=4976&cm_sp=personalizedsort-_-browseresults-_-1_13_CÉ

2014-02-02 18:00:24
Checking http://shop.nordstrom.com/s/prana-megan-hooded-jacket/3588366?origin=category-personalizedsort&contextualcategoryid=0&fashionColor=&resultback=4976&cm_sp=personalizedsort-_-browseresults-_-1_13_CÉ

2014-02-02 18:30:21
Checking http://shop.nordstrom.com/s/prana-megan-hooded-jacket/3588366?origin=category-personalizedsort&contextualcategoryid=0&fashionColor=&resultback=4976&cm_sp=personalizedsort-_-browseresults-_-1_13_CÉ

2014-02-02 19:00:22
Checking http://shop.nordstrom.com/s/prana-megan-hooded-jacket/3588366?origin=category-personalizedsort&contextualcategoryid=0&fashionColor=&resultback=4976&cm_sp=personalizedsort-_-browseresults-_-1_13_CÉ

2014-02-02 19:30:22
Checking http://shop.nordstrom.com/s/prana-megan-hooded-jacket/3588366?origin=category-personalizedsort&contextualcategoryid=0&fashionColor=&resultback=4976&cm_sp=personalizedsort-_-browseresults-_-1_13_CÉ

2014-02-02 20:00:23
Checking http://shop.nordstrom.com/s/prana-megan-hooded-jacket/3588366?origin=category-personalizedsort&contextualcategoryid=0&fashionColor=&resultback=4976&cm_sp=personalizedsort-_-browseresults-_-1_13_CÉ

2014-02-02 20:30:22
Checking http://shop.nordstrom.com/s/prana-megan-hooded-jacket/3588366?origin=category-personalizedsort&contextualcategoryid=0&fashionColor=&resultback=4976&cm_sp=personalizedsort-_-browseresults-_-1_13_CÉ

2014-02-02 21:00:22
Checking http://shop.nordstrom.com/s/prana-megan-hooded-jacket/3588366?origin=category-personalizedsort&contextualcategoryid=0&fashionColor=&resultback=4976&cm_sp=personalizedsort-_-browseresults-_-1_13_CÉ

2014-02-02 21:30:21
Checking http://shop.nordstrom.com/s/prana-megan-hooded-jacket/3588366?origin=category-personalizedsort&contextualcategoryid=0&fashionColor=&resultback=4976&cm_sp=personalizedsort-_-browseresults-_-1_13_CÉ

2014-02-02 22:00:22
Checking http://shop.nordstrom.com/s/prana-megan-hooded-jacket/3588366?origin=category-personalizedsort&contextualcategoryid=0&fashionColor=&resultback=4976&cm_sp=personalizedsort-_-browseresults-_-1_13_CÉ

2014-02-02 22:30:21
Checking http://shop.nordstrom.com/s/prana-megan-hooded-jacket/3588366?origin=category-personalizedsort&contextualcategoryid=0&fashionColor=&resultback=4976&cm_sp=personalizedsort-_-browseresults-_-1_13_CÉ

2014-02-03 03:01:32
Checking http://shop.nordstrom.com/s/prana-megan-hooded-jacket/3588366?origin=category-personalizedsort&contextualcategoryid=0&fashionColor=&resultback=4976&cm_sp=personalizedsort-_-browseresults-_-1_13_CÉ

2014-02-04 23:25:44
Checking http://shop.nordstrom.com/s/prana-megan-hooded-jacket/3588366?origin=category-personalizedsort&contextualcategoryid=0&fashionColor=&resultback=4976&cm_sp=personalizedsort-_-browseresults-_-1_13_CÉ

2014-02-04 23:55:40
Checking http://shop.nordstrom.com/s/prana-megan-hooded-jacket/3588366?origin=category-personalizedsort&contextualcategoryid=0&fashionColor=&resultback=4976&cm_sp=personalizedsort-_-browseresults-_-1_13_CÉ

2014-02-05 00:25:38
Checking http://shop.nordstrom.com/s/prana-megan-hooded-jacket/3588366?origin=category-personalizedsort&contextualcategoryid=0&fashionColor=&resultback=4976&cm_sp=personalizedsort-_-browseresults-_-1_13_CÉ

2014-02-05 00:55:40
Checking http://shop.nordstrom.com/s/prana-megan-hooded-jacket/3588366?origin=category-personalizedsort&contextualcategoryid=0&fashionColor=&resultback=4976&cm_sp=personalizedsort-_-browseresults-_-1_13_CÉ

2014-02-05 01:25:38
Checking http://shop.nordstrom.com/s/prana-megan-hooded-jacket/3588366?origin=category-personalizedsort&contextualcategoryid=0&fashionColor=&resultback=4976&cm_sp=personalizedsort-_-browseresults-_-1_13_CÉ

2014-02-05 01:55:39
Checking http://shop.nordstrom.com/s/prana-megan-hooded-jacket/3588366?origin=category-personalizedsort&contextualcategoryid=0&fashionColor=&resultback=4976&cm_sp=personalizedsort-_-browseresults-_-1_13_CÉ

2014-02-05 02:25:38
Checking http://shop.nordstrom.com/s/prana-megan-hooded-jacket/3588366?origin=category-personalizedsort&contextualcategoryid=0&fashionColor=&resultback=4976&cm_sp=personalizedsort-_-browseresults-_-1_13_CÉ

2014-02-05 02:55:39
Checking http://shop.nordstrom.com/s/prana-megan-hooded-jacket/3588366?origin=category-personalizedsort&contextualcategoryid=0&fashionColor=&resultback=4976&cm_sp=personalizedsort-_-browseresults-_-1_13_CÉ

2014-02-05 03:25:40
Checking http://shop.nordstrom.com/s/prana-megan-hooded-jacket/3588366?origin=category-personalizedsort&contextualcategoryid=0&fashionColor=&resultback=4976&cm_sp=personalizedsort-_-browseresults-_-1_13_CÉ

2014-02-05 03:55:41
Checking http://shop.nordstrom.com/s/prana-megan-hooded-jacket/3588366?origin=category-personalizedsort&contextualcategoryid=0&fashionColor=&resultback=4976&cm_sp=personalizedsort-_-browseresults-_-1_13_CÉ

2014-02-08 14:22:01
Checking http://shop.nordstrom.com/s/prana-megan-hooded-jacket/3588366?origin=category-personalizedsort&contextualcategoryid=0&fashionColor=&resultback=4976&cm_sp=personalizedsort-_-browseresults-_-1_13_CÉ

2014-02-08 14:51:52
Checking http://shop.nordstrom.com/s/prana-megan-hooded-jacket/3588366?origin=category-personalizedsort&contextualcategoryid=0&fashionColor=&resultback=4976&cm_sp=personalizedsort-_-browseresults-_-1_13_CÉ

2014-02-08 15:21:51
Checking http://shop.nordstrom.com/s/prana-megan-hooded-jacket/3588366?origin=category-personalizedsort&contextualcategoryid=0&fashionColor=&resultback=4976&cm_sp=personalizedsort-_-browseresults-_-1_13_CÉ

2014-02-09 01:29:04
Checking http://shop.nordstrom.com/s/prana-megan-hooded-jacket/3588366?origin=category-personalizedsort&contextualcategoryid=0&fashionColor=&resultback=4976&cm_sp=personalizedsort-_-browseresults-_-1_13_CÉ

2014-02-09 01:58:59
Checking http://shop.nordstrom.com/s/prana-megan-hooded-jacket/3588366?origin=category-personalizedsort&contextualcategoryid=0&fashionColor=&resultback=4976&cm_sp=personalizedsort-_-browseresults-_-1_13_CÉ

2014-02-09 03:44:46
Checking http://shop.nordstrom.com/s/prana-megan-hooded-jacket/3588366?origin=category-personalizedsort&contextualcategoryid=0&fashionColor=&resultback=4976&cm_sp=personalizedsort-_-browseresults-_-1_13_CÉ

2014-02-09 15:41:26
Checking http://shop.nordstrom.com/s/prana-megan-hooded-jacket/3588366?origin=category-personalizedsort&contextualcategoryid=0&fashionColor=&resultback=4976&cm_sp=personalizedsort-_-browseresults-_-1_13_CÉ

2014-02-09 16:11:19
Checking http://shop.nordstrom.com/s/prana-megan-hooded-jacket/3588366?origin=category-personalizedsort&contextualcategoryid=0&fashionColor=&resultback=4976&cm_sp=personalizedsort-_-browseresults-_-1_13_CÉ

2014-02-09 16:41:20
Checking http://shop.nordstrom.com/s/prana-megan-hooded-jacket/3588366?origin=category-personalizedsort&contextualcategoryid=0&fashionColor=&resultback=4976&cm_sp=personalizedsort-_-browseresults-_-1_13_CÉ

2014-02-09 17:11:18
Checking http://shop.nordstrom.com/s/prana-megan-hooded-jacket/3588366?origin=category-personalizedsort&contextualcategoryid=0&fashionColor=&resultback=4976&cm_sp=personalizedsort-_-browseresults-_-1_13_CÉ

2014-02-09 17:41:18
Checking http://shop.nordstrom.com/s/prana-megan-hooded-jacket/3588366?origin=category-personalizedsort&contextualcategoryid=0&fashionColor=&resultback=4976&cm_sp=personalizedsort-_-browseresults-_-1_13_CÉ

2014-02-09 18:11:18
Checking http://shop.nordstrom.com/s/prana-megan-hooded-jacket/3588366?origin=category-personalizedsort&contextualcategoryid=0&fashionColor=&resultback=4976&cm_sp=personalizedsort-_-browseresults-_-1_13_CÉ

2014-02-09 18:41:18
Checking http://shop.nordstrom.com/s/prana-megan-hooded-jacket/3588366?origin=category-personalizedsort&contextualcategoryid=0&fashionColor=&resultback=4976&cm_sp=personalizedsort-_-browseresults-_-1_13_CÉ

2014-02-09 19:11:18
Checking http://shop.nordstrom.com/s/prana-megan-hooded-jacket/3588366?origin=category-personalizedsort&contextualcategoryid=0&fashionColor=&resultback=4976&cm_sp=personalizedsort-_-browseresults-_-1_13_CÉ

2014-02-09 20:06:30
Checking http://shop.nordstrom.com/s/prana-megan-hooded-jacket/3588366?origin=category-personalizedsort&contextualcategoryid=0&fashionColor=&resultback=4976&cm_sp=personalizedsort-_-browseresults-_-1_13_CÉ

2014-02-09 20:36:31
Checking http://shop.nordstrom.com/s/prana-megan-hooded-jacket/3588366?origin=category-personalizedsort&contextualcategoryid=0&fashionColor=&resultback=4976&cm_sp=personalizedsort-_-browseresults-_-1_13_CÉ

2014-02-09 21:06:29
Checking http://shop.nordstrom.com/s/prana-megan-hooded-jacket/3588366?origin=category-personalizedsort&contextualcategoryid=0&fashionColor=&resultback=4976&cm_sp=personalizedsort-_-browseresults-_-1_13_CÉ

2014-02-09 21:36:28
Checking http://shop.nordstrom.com/s/prana-megan-hooded-jacket/3588366?origin=category-personalizedsort&contextualcategoryid=0&fashionColor=&resultback=4976&cm_sp=personalizedsort-_-browseresults-_-1_13_CÉ

2014-02-09 22:06:28
Checking http://shop.nordstrom.com/s/prana-megan-hooded-jacket/3588366?origin=category-personalizedsort&contextualcategoryid=0&fashionColor=&resultback=4976&cm_sp=personalizedsort-_-browseresults-_-1_13_CÉ

2014-02-10 03:15:33
Checking http://shop.nordstrom.com/s/prana-megan-hooded-jacket/3588366?origin=category-personalizedsort&contextualcategoryid=0&fashionColor=&resultback=4976&cm_sp=personalizedsort-_-browseresults-_-1_13_CÉ

2014-02-11 01:31:03
Checking http://shop.nordstrom.com/s/prana-megan-hooded-jacket/3588366?origin=category-personalizedsort&contextualcategoryid=0&fashionColor=&resultback=4976&cm_sp=personalizedsort-_-browseresults-_-1_13_CÉ

2014-02-11 02:00:45
Checking http://shop.nordstrom.com/s/prana-megan-hooded-jacket/3588366?origin=category-personalizedsort&contextualcategoryid=0&fashionColor=&resultback=4976&cm_sp=personalizedsort-_-browseresults-_-1_13_CÉ

2014-02-11 02:30:48
Checking http://shop.nordstrom.com/s/prana-megan-hooded-jacket/3588366?origin=category-personalizedsort&contextualcategoryid=0&fashionColor=&resultback=4976&cm_sp=personalizedsort-_-browseresults-_-1_13_CÉ

2014-02-11 03:00:46
Checking http://shop.nordstrom.com/s/prana-megan-hooded-jacket/3588366?origin=category-personalizedsort&contextualcategoryid=0&fashionColor=&resultback=4976&cm_sp=personalizedsort-_-browseresults-_-1_13_CÉ

2014-02-11 03:30:46
Checking http://shop.nordstrom.com/s/prana-megan-hooded-jacket/3588366?origin=category-personalizedsort&contextualcategoryid=0&fashionColor=&resultback=4976&cm_sp=personalizedsort-_-browseresults-_-1_13_CÉ

2014-02-11 04:00:45
Checking http://shop.nordstrom.com/s/prana-megan-hooded-jacket/3588366?origin=category-personalizedsort&contextualcategoryid=0&fashionColor=&resultback=4976&cm_sp=personalizedsort-_-browseresults-_-1_13_CÉ

2014-02-11 04:30:53
Checking http://shop.nordstrom.com/s/prana-megan-hooded-jacket/3588366?origin=category-personalizedsort&contextualcategoryid=0&fashionColor=&resultback=4976&cm_sp=personalizedsort-_-browseresults-_-1_13_CÉ

2014-02-11 05:00:46
Checking http://shop.nordstrom.com/s/prana-megan-hooded-jacket/3588366?origin=category-personalizedsort&contextualcategoryid=0&fashionColor=&resultback=4976&cm_sp=personalizedsort-_-browseresults-_-1_13_CÉ

2014-02-11 05:30:43
Checking http://shop.nordstrom.com/s/prana-megan-hooded-jacket/3588366?origin=category-personalizedsort&contextualcategoryid=0&fashionColor=&resultback=4976&cm_sp=personalizedsort-_-browseresults-_-1_13_CÉ

2014-02-11 06:00:44
Checking http://shop.nordstrom.com/s/prana-megan-hooded-jacket/3588366?origin=category-personalizedsort&contextualcategoryid=0&fashionColor=&resultback=4976&cm_sp=personalizedsort-_-browseresults-_-1_13_CÉ

2014-02-11 06:30:43
Checking http://shop.nordstrom.com/s/prana-megan-hooded-jacket/3588366?origin=category-personalizedsort&contextualcategoryid=0&fashionColor=&resultback=4976&cm_sp=personalizedsort-_-browseresults-_-1_13_CÉ

2014-02-11 07:00:45
Checking http://shop.nordstrom.com/s/prana-megan-hooded-jacket/3588366?origin=category-personalizedsort&contextualcategoryid=0&fashionColor=&resultback=4976&cm_sp=personalizedsort-_-browseresults-_-1_13_CÉ

2014-02-11 07:30:44
Checking http://shop.nordstrom.com/s/prana-megan-hooded-jacket/3588366?origin=category-personalizedsort&contextualcategoryid=0&fashionColor=&resultback=4976&cm_sp=personalizedsort-_-browseresults-_-1_13_CÉ

2014-02-11 08:00:44
Checking http://shop.nordstrom.com/s/prana-megan-hooded-jacket/3588366?origin=category-personalizedsort&contextualcategoryid=0&fashionColor=&resultback=4976&cm_sp=personalizedsort-_-browseresults-_-1_13_CÉ

2014-02-11 08:30:43
Checking http://shop.nordstrom.com/s/prana-megan-hooded-jacket/3588366?origin=category-personalizedsort&contextualcategoryid=0&fashionColor=&resultback=4976&cm_sp=personalizedsort-_-browseresults-_-1_13_CÉ

2014-02-11 09:00:43
Checking http://shop.nordstrom.com/s/prana-megan-hooded-jacket/3588366?origin=category-personalizedsort&contextualcategoryid=0&fashionColor=&resultback=4976&cm_sp=personalizedsort-_-browseresults-_-1_13_CÉ

2014-02-11 09:30:43
Checking http://shop.nordstrom.com/s/prana-megan-hooded-jacket/3588366?origin=category-personalizedsort&contextualcategoryid=0&fashionColor=&resultback=4976&cm_sp=personalizedsort-_-browseresults-_-1_13_CÉ

2014-02-11 10:00:45
Checking http://shop.nordstrom.com/s/prana-megan-hooded-jacket/3588366?origin=category-personalizedsort&contextualcategoryid=0&fashionColor=&resultback=4976&cm_sp=personalizedsort-_-browseresults-_-1_13_CÉ

2014-02-11 10:30:43
Checking http://shop.nordstrom.com/s/prana-megan-hooded-jacket/3588366?origin=category-personalizedsort&contextualcategoryid=0&fashionColor=&resultback=4976&cm_sp=personalizedsort-_-browseresults-_-1_13_CÉ

2014-02-11 11:00:43
Checking http://shop.nordstrom.com/s/prana-megan-hooded-jacket/3588366?origin=category-personalizedsort&contextualcategoryid=0&fashionColor=&resultback=4976&cm_sp=personalizedsort-_-browseresults-_-1_13_CÉ

2014-02-11 11:30:43
Checking http://shop.nordstrom.com/s/prana-megan-hooded-jacket/3588366?origin=category-personalizedsort&contextualcategoryid=0&fashionColor=&resultback=4976&cm_sp=personalizedsort-_-browseresults-_-1_13_CÉ

2014-02-11 12:00:43
Checking http://shop.nordstrom.com/s/prana-megan-hooded-jacket/3588366?origin=category-personalizedsort&contextualcategoryid=0&fashionColor=&resultback=4976&cm_sp=personalizedsort-_-browseresults-_-1_13_CÉ

2014-02-11 12:30:43
Checking http://shop.nordstrom.com/s/prana-megan-hooded-jacket/3588366?origin=category-personalizedsort&contextualcategoryid=0&fashionColor=&resultback=4976&cm_sp=personalizedsort-_-browseresults-_-1_13_CÉ

2014-02-11 13:00:42
Checking http://shop.nordstrom.com/s/prana-megan-hooded-jacket/3588366?origin=category-personalizedsort&contextualcategoryid=0&fashionColor=&resultback=4976&cm_sp=personalizedsort-_-browseresults-_-1_13_CÉ

2014-02-11 13:30:43
Checking http://shop.nordstrom.com/s/prana-megan-hooded-jacket/3588366?origin=category-personalizedsort&contextualcategoryid=0&fashionColor=&resultback=4976&cm_sp=personalizedsort-_-browseresults-_-1_13_CÉ

2014-02-11 14:00:42
Checking http://shop.nordstrom.com/s/prana-megan-hooded-jacket/3588366?origin=category-personalizedsort&contextualcategoryid=0&fashionColor=&resultback=4976&cm_sp=personalizedsort-_-browseresults-_-1_13_CÉ

2014-02-11 14:30:42
Checking http://shop.nordstrom.com/s/prana-megan-hooded-jacket/3588366?origin=category-personalizedsort&contextualcategoryid=0&fashionColor=&resultback=4976&cm_sp=personalizedsort-_-browseresults-_-1_13_CÉ

2014-02-11 15:00:45
Checking http://shop.nordstrom.com/s/prana-megan-hooded-jacket/3588366?origin=category-personalizedsort&contextualcategoryid=0&fashionColor=&resultback=4976&cm_sp=personalizedsort-_-browseresults-_-1_13_CÉ

2014-02-11 15:30:42
Checking http://shop.nordstrom.com/s/prana-megan-hooded-jacket/3588366?origin=category-personalizedsort&contextualcategoryid=0&fashionColor=&resultback=4976&cm_sp=personalizedsort-_-browseresults-_-1_13_CÉ

2014-02-11 16:00:43
Checking http://shop.nordstrom.com/s/prana-megan-hooded-jacket/3588366?origin=category-personalizedsort&contextualcategoryid=0&fashionColor=&resultback=4976&cm_sp=personalizedsort-_-browseresults-_-1_13_CÉ

2014-02-11 16:30:43
Checking http://shop.nordstrom.com/s/prana-megan-hooded-jacket/3588366?origin=category-personalizedsort&contextualcategoryid=0&fashionColor=&resultback=4976&cm_sp=personalizedsort-_-browseresults-_-1_13_CÉ

2014-02-11 17:00:42
Checking http://shop.nordstrom.com/s/prana-megan-hooded-jacket/3588366?origin=category-personalizedsort&contextualcategoryid=0&fashionColor=&resultback=4976&cm_sp=personalizedsort-_-browseresults-_-1_13_CÉ

2014-02-11 17:30:42
Checking http://shop.nordstrom.com/s/prana-megan-hooded-jacket/3588366?origin=category-personalizedsort&contextualcategoryid=0&fashionColor=&resultback=4976&cm_sp=personalizedsort-_-browseresults-_-1_13_CÉ

2014-02-11 18:00:42
Checking http://shop.nordstrom.com/s/prana-megan-hooded-jacket/3588366?origin=category-personalizedsort&contextualcategoryid=0&fashionColor=&resultback=4976&cm_sp=personalizedsort-_-browseresults-_-1_13_CÉ

2014-02-11 18:30:42
Checking http://shop.nordstrom.com/s/prana-megan-hooded-jacket/3588366?origin=category-personalizedsort&contextualcategoryid=0&fashionColor=&resultback=4976&cm_sp=personalizedsort-_-browseresults-_-1_13_CÉ

2014-02-11 19:00:42
Checking http://shop.nordstrom.com/s/prana-megan-hooded-jacket/3588366?origin=category-personalizedsort&contextualcategoryid=0&fashionColor=&resultback=4976&cm_sp=personalizedsort-_-browseresults-_-1_13_CÉ

2014-02-11 19:30:42
Checking http://shop.nordstrom.com/s/prana-megan-hooded-jacket/3588366?origin=category-personalizedsort&contextualcategoryid=0&fashionColor=&resultback=4976&cm_sp=personalizedsort-_-browseresults-_-1_13_CÉ

2014-02-11 20:00:44
Checking http://shop.nordstrom.com/s/prana-megan-hooded-jacket/3588366?origin=category-personalizedsort&contextualcategoryid=0&fashionColor=&resultback=4976&cm_sp=personalizedsort-_-browseresults-_-1_13_CÉ

2014-02-11 20:30:42
Checking http://shop.nordstrom.com/s/prana-megan-hooded-jacket/3588366?origin=category-personalizedsort&contextualcategoryid=0&fashionColor=&resultback=4976&cm_sp=personalizedsort-_-browseresults-_-1_13_CÉ

2014-02-11 21:00:42
Checking http://shop.nordstrom.com/s/prana-megan-hooded-jacket/3588366?origin=category-personalizedsort&contextualcategoryid=0&fashionColor=&resultback=4976&cm_sp=personalizedsort-_-browseresults-_-1_13_CÉ

2014-02-11 21:30:42
Checking http://shop.nordstrom.com/s/prana-megan-hooded-jacket/3588366?origin=category-personalizedsort&contextualcategoryid=0&fashionColor=&resultback=4976&cm_sp=personalizedsort-_-browseresults-_-1_13_CÉ

2014-02-11 22:00:42
Checking http://shop.nordstrom.com/s/prana-megan-hooded-jacket/3588366?origin=category-personalizedsort&contextualcategoryid=0&fashionColor=&resultback=4976&cm_sp=personalizedsort-_-browseresults-_-1_13_CÉ

2014-02-11 22:30:43
Checking http://shop.nordstrom.com/s/prana-megan-hooded-jacket/3588366?origin=category-personalizedsort&contextualcategoryid=0&fashionColor=&resultback=4976&cm_sp=personalizedsort-_-browseresults-_-1_13_CÉ

2014-02-11 23:00:43
Checking http://shop.nordstrom.com/s/prana-megan-hooded-jacket/3588366?origin=category-personalizedsort&contextualcategoryid=0&fashionColor=&resultback=4976&cm_sp=personalizedsort-_-browseresults-_-1_13_CÉ

2014-02-11 23:30:42
Checking http://shop.nordstrom.com/s/prana-megan-hooded-jacket/3588366?origin=category-personalizedsort&contextualcategoryid=0&fashionColor=&resultback=4976&cm_sp=personalizedsort-_-browseresults-_-1_13_CÉ

2014-02-12 00:00:45
Checking http://shop.nordstrom.com/s/prana-megan-hooded-jacket/3588366?origin=category-personalizedsort&contextualcategoryid=0&fashionColor=&resultback=4976&cm_sp=personalizedsort-_-browseresults-_-1_13_CÉ

2014-02-12 00:30:42
Checking http://shop.nordstrom.com/s/prana-megan-hooded-jacket/3588366?origin=category-personalizedsort&contextualcategoryid=0&fashionColor=&resultback=4976&cm_sp=personalizedsort-_-browseresults-_-1_13_CÉ

2014-02-12 01:00:46
Checking http://shop.nordstrom.com/s/prana-megan-hooded-jacket/3588366?origin=category-personalizedsort&contextualcategoryid=0&fashionColor=&resultback=4976&cm_sp=personalizedsort-_-browseresults-_-1_13_CÉ

2014-02-12 01:30:44
Checking http://shop.nordstrom.com/s/prana-megan-hooded-jacket/3588366?origin=category-personalizedsort&contextualcategoryid=0&fashionColor=&resultback=4976&cm_sp=personalizedsort-_-browseresults-_-1_13_CÉ

2014-02-12 02:00:44
Checking http://shop.nordstrom.com/s/prana-megan-hooded-jacket/3588366?origin=category-personalizedsort&contextualcategoryid=0&fashionColor=&resultback=4976&cm_sp=personalizedsort-_-browseresults-_-1_13_CÉ

2014-02-12 02:30:45
Checking http://shop.nordstrom.com/s/prana-megan-hooded-jacket/3588366?origin=category-personalizedsort&contextualcategoryid=0&fashionColor=&resultback=4976&cm_sp=personalizedsort-_-browseresults-_-1_13_CÉ

2014-02-12 03:00:43
Checking http://shop.nordstrom.com/s/prana-megan-hooded-jacket/3588366?origin=category-personalizedsort&contextualcategoryid=0&fashionColor=&resultback=4976&cm_sp=personalizedsort-_-browseresults-_-1_13_CÉ

2014-02-12 03:30:42
Checking http://shop.nordstrom.com/s/prana-megan-hooded-jacket/3588366?origin=category-personalizedsort&contextualcategoryid=0&fashionColor=&resultback=4976&cm_sp=personalizedsort-_-browseresults-_-1_13_CÉ

2014-02-12 04:00:45
Checking http://shop.nordstrom.com/s/prana-megan-hooded-jacket/3588366?origin=category-personalizedsort&contextualcategoryid=0&fashionColor=&resultback=4976&cm_sp=personalizedsort-_-browseresults-_-1_13_CÉ

2014-02-12 04:30:41
Checking http://shop.nordstrom.com/s/prana-megan-hooded-jacket/3588366?origin=category-personalizedsort&contextualcategoryid=0&fashionColor=&resultback=4976&cm_sp=personalizedsort-_-browseresults-_-1_13_CÉ

2014-02-12 05:00:42
Checking http://shop.nordstrom.com/s/prana-megan-hooded-jacket/3588366?origin=category-personalizedsort&contextualcategoryid=0&fashionColor=&resultback=4976&cm_sp=personalizedsort-_-browseresults-_-1_13_CÉ

2014-02-12 05:30:42
Checking http://shop.nordstrom.com/s/prana-megan-hooded-jacket/3588366?origin=category-personalizedsort&contextualcategoryid=0&fashionColor=&resultback=4976&cm_sp=personalizedsort-_-browseresults-_-1_13_CÉ

2014-02-12 06:00:43
Checking http://shop.nordstrom.com/s/prana-megan-hooded-jacket/3588366?origin=category-personalizedsort&contextualcategoryid=0&fashionColor=&resultback=4976&cm_sp=personalizedsort-_-browseresults-_-1_13_CÉ

2014-02-12 06:30:41
Checking http://shop.nordstrom.com/s/prana-megan-hooded-jacket/3588366?origin=category-personalizedsort&contextualcategoryid=0&fashionColor=&resultback=4976&cm_sp=personalizedsort-_-browseresults-_-1_13_CÉ

2014-02-12 07:00:42
Checking http://shop.nordstrom.com/s/prana-megan-hooded-jacket/3588366?origin=category-personalizedsort&contextualcategoryid=0&fashionColor=&resultback=4976&cm_sp=personalizedsort-_-browseresults-_-1_13_CÉ

2014-02-12 07:30:41
Checking http://shop.nordstrom.com/s/prana-megan-hooded-jacket/3588366?origin=category-personalizedsort&contextualcategoryid=0&fashionColor=&resultback=4976&cm_sp=personalizedsort-_-browseresults-_-1_13_CÉ

2014-02-12 08:00:41
Checking http://shop.nordstrom.com/s/prana-megan-hooded-jacket/3588366?origin=category-personalizedsort&contextualcategoryid=0&fashionColor=&resultback=4976&cm_sp=personalizedsort-_-browseresults-_-1_13_CÉ

2014-02-12 08:30:41
Checking http://shop.nordstrom.com/s/prana-megan-hooded-jacket/3588366?origin=category-personalizedsort&contextualcategoryid=0&fashionColor=&resultback=4976&cm_sp=personalizedsort-_-browseresults-_-1_13_CÉ

2014-02-12 09:00:42
Checking http://shop.nordstrom.com/s/prana-megan-hooded-jacket/3588366?origin=category-personalizedsort&contextualcategoryid=0&fashionColor=&resultback=4976&cm_sp=personalizedsort-_-browseresults-_-1_13_CÉ

2014-02-12 09:30:41
Checking http://shop.nordstrom.com/s/prana-megan-hooded-jacket/3588366?origin=category-personalizedsort&contextualcategoryid=0&fashionColor=&resultback=4976&cm_sp=personalizedsort-_-browseresults-_-1_13_CÉ

2014-02-12 10:00:53
Checking http://shop.nordstrom.com/s/prana-megan-hooded-jacket/3588366?origin=category-personalizedsort&contextualcategoryid=0&fashionColor=&resultback=4976&cm_sp=personalizedsort-_-browseresults-_-1_13_CÉ

2014-02-12 10:30:41
Checking http://shop.nordstrom.com/s/prana-megan-hooded-jacket/3588366?origin=category-personalizedsort&contextualcategoryid=0&fashionColor=&resultback=4976&cm_sp=personalizedsort-_-browseresults-_-1_13_CÉ

2014-02-12 11:00:46
Checking http://shop.nordstrom.com/s/prana-megan-hooded-jacket/3588366?origin=category-personalizedsort&contextualcategoryid=0&fashionColor=&resultback=4976&cm_sp=personalizedsort-_-browseresults-_-1_13_CÉ

2014-02-12 11:30:42
Checking http://shop.nordstrom.com/s/prana-megan-hooded-jacket/3588366?origin=category-personalizedsort&contextualcategoryid=0&fashionColor=&resultback=4976&cm_sp=personalizedsort-_-browseresults-_-1_13_CÉ

2014-02-12 12:00:41
Checking http://shop.nordstrom.com/s/prana-megan-hooded-jacket/3588366?origin=category-personalizedsort&contextualcategoryid=0&fashionColor=&resultback=4976&cm_sp=personalizedsort-_-browseresults-_-1_13_CÉ

2014-02-12 12:30:41
Checking http://shop.nordstrom.com/s/prana-megan-hooded-jacket/3588366?origin=category-personalizedsort&contextualcategoryid=0&fashionColor=&resultback=4976&cm_sp=personalizedsort-_-browseresults-_-1_13_CÉ

2014-02-12 13:00:40
Checking http://shop.nordstrom.com/s/prana-megan-hooded-jacket/3588366?origin=category-personalizedsort&contextualcategoryid=0&fashionColor=&resultback=4976&cm_sp=personalizedsort-_-browseresults-_-1_13_CÉ

2014-02-12 13:30:41
Checking http://shop.nordstrom.com/s/prana-megan-hooded-jacket/3588366?origin=category-personalizedsort&contextualcategoryid=0&fashionColor=&resultback=4976&cm_sp=personalizedsort-_-browseresults-_-1_13_CÉ

2014-02-12 14:00:40
Checking http://shop.nordstrom.com/s/prana-megan-hooded-jacket/3588366?origin=category-personalizedsort&contextualcategoryid=0&fashionColor=&resultback=4976&cm_sp=personalizedsort-_-browseresults-_-1_13_CÉ

2014-02-12 14:30:40
Checking http://shop.nordstrom.com/s/prana-megan-hooded-jacket/3588366?origin=category-personalizedsort&contextualcategoryid=0&fashionColor=&resultback=4976&cm_sp=personalizedsort-_-browseresults-_-1_13_CÉ

2014-02-12 15:00:41
Checking http://shop.nordstrom.com/s/prana-megan-hooded-jacket/3588366?origin=category-personalizedsort&contextualcategoryid=0&fashionColor=&resultback=4976&cm_sp=personalizedsort-_-browseresults-_-1_13_CÉ

2014-02-12 15:30:40
Checking http://shop.nordstrom.com/s/prana-megan-hooded-jacket/3588366?origin=category-personalizedsort&contextualcategoryid=0&fashionColor=&resultback=4976&cm_sp=personalizedsort-_-browseresults-_-1_13_CÉ

2014-02-12 16:00:40
Checking http://shop.nordstrom.com/s/prana-megan-hooded-jacket/3588366?origin=category-personalizedsort&contextualcategoryid=0&fashionColor=&resultback=4976&cm_sp=personalizedsort-_-browseresults-_-1_13_CÉ

2014-02-12 16:30:43
Checking http://shop.nordstrom.com/s/prana-megan-hooded-jacket/3588366?origin=category-personalizedsort&contextualcategoryid=0&fashionColor=&resultback=4976&cm_sp=personalizedsort-_-browseresults-_-1_13_CÉ

2014-02-12 17:00:40
Checking http://shop.nordstrom.com/s/prana-megan-hooded-jacket/3588366?origin=category-personalizedsort&contextualcategoryid=0&fashionColor=&resultback=4976&cm_sp=personalizedsort-_-browseresults-_-1_13_CÉ

2014-02-12 17:30:41
Checking http://shop.nordstrom.com/s/prana-megan-hooded-jacket/3588366?origin=category-personalizedsort&contextualcategoryid=0&fashionColor=&resultback=4976&cm_sp=personalizedsort-_-browseresults-_-1_13_CÉ

2014-02-12 18:00:40
Checking http://shop.nordstrom.com/s/prana-megan-hooded-jacket/3588366?origin=category-personalizedsort&contextualcategoryid=0&fashionColor=&resultback=4976&cm_sp=personalizedsort-_-browseresults-_-1_13_CÉ

2014-02-12 18:30:43
Checking http://shop.nordstrom.com/s/prana-megan-hooded-jacket/3588366?origin=category-personalizedsort&contextualcategoryid=0&fashionColor=&resultback=4976&cm_sp=personalizedsort-_-browseresults-_-1_13_CÉ

2014-02-12 19:00:40
Checking http://shop.nordstrom.com/s/prana-megan-hooded-jacket/3588366?origin=category-personalizedsort&contextualcategoryid=0&fashionColor=&resultback=4976&cm_sp=personalizedsort-_-browseresults-_-1_13_CÉ

2014-02-12 19:30:42
Checking http://shop.nordstrom.com/s/prana-megan-hooded-jacket/3588366?origin=category-personalizedsort&contextualcategoryid=0&fashionColor=&resultback=4976&cm_sp=personalizedsort-_-browseresults-_-1_13_CÉ

2014-02-12 20:00:39
Checking http://shop.nordstrom.com/s/prana-megan-hooded-jacket/3588366?origin=category-personalizedsort&contextualcategoryid=0&fashionColor=&resultback=4976&cm_sp=personalizedsort-_-browseresults-_-1_13_CÉ

2014-02-12 20:30:40
Checking http://shop.nordstrom.com/s/prana-megan-hooded-jacket/3588366?origin=category-personalizedsort&contextualcategoryid=0&fashionColor=&resultback=4976&cm_sp=personalizedsort-_-browseresults-_-1_13_CÉ

2014-02-12 21:00:39
Checking http://shop.nordstrom.com/s/prana-megan-hooded-jacket/3588366?origin=category-personalizedsort&contextualcategoryid=0&fashionColor=&resultback=4976&cm_sp=personalizedsort-_-browseresults-_-1_13_CÉ

2014-02-12 21:30:40
Checking http://shop.nordstrom.com/s/prana-megan-hooded-jacket/3588366?origin=category-personalizedsort&contextualcategoryid=0&fashionColor=&resultback=4976&cm_sp=personalizedsort-_-browseresults-_-1_13_CÉ

2014-02-12 22:00:39
Checking http://shop.nordstrom.com/s/prana-megan-hooded-jacket/3588366?origin=category-personalizedsort&contextualcategoryid=0&fashionColor=&resultback=4976&cm_sp=personalizedsort-_-browseresults-_-1_13_CÉ

2014-02-12 22:30:41
Checking http://shop.nordstrom.com/s/prana-megan-hooded-jacket/3588366?origin=category-personalizedsort&contextualcategoryid=0&fashionColor=&resultback=4976&cm_sp=personalizedsort-_-browseresults-_-1_13_CÉ

2014-02-12 23:00:40
Checking http://shop.nordstrom.com/s/prana-megan-hooded-jacket/3588366?origin=category-personalizedsort&contextualcategoryid=0&fashionColor=&resultback=4976&cm_sp=personalizedsort-_-browseresults-_-1_13_CÉ

2014-02-12 23:30:40
Checking http://shop.nordstrom.com/s/prana-megan-hooded-jacket/3588366?origin=category-personalizedsort&contextualcategoryid=0&fashionColor=&resultback=4976&cm_sp=personalizedsort-_-browseresults-_-1_13_CÉ

2014-02-13 00:00:39
Checking http://shop.nordstrom.com/s/prana-megan-hooded-jacket/3588366?origin=category-personalizedsort&contextualcategoryid=0&fashionColor=&resultback=4976&cm_sp=personalizedsort-_-browseresults-_-1_13_CÉ

2014-02-13 00:30:39
Checking http://shop.nordstrom.com/s/prana-megan-hooded-jacket/3588366?origin=category-personalizedsort&contextualcategoryid=0&fashionColor=&resultback=4976&cm_sp=personalizedsort-_-browseresults-_-1_13_CÉ

2014-02-13 01:00:39
Checking http://shop.nordstrom.com/s/prana-megan-hooded-jacket/3588366?origin=category-personalizedsort&contextualcategoryid=0&fashionColor=&resultback=4976&cm_sp=personalizedsort-_-browseresults-_-1_13_CÉ

2014-02-13 01:30:42
Checking http://shop.nordstrom.com/s/prana-megan-hooded-jacket/3588366?origin=category-personalizedsort&contextualcategoryid=0&fashionColor=&resultback=4976&cm_sp=personalizedsort-_-browseresults-_-1_13_CÉ

2014-02-13 02:00:39
Checking http://shop.nordstrom.com/s/prana-megan-hooded-jacket/3588366?origin=category-personalizedsort&contextualcategoryid=0&fashionColor=&resultback=4976&cm_sp=personalizedsort-_-browseresults-_-1_13_CÉ

2014-02-13 02:30:40
Checking http://shop.nordstrom.com/s/prana-megan-hooded-jacket/3588366?origin=category-personalizedsort&contextualcategoryid=0&fashionColor=&resultback=4976&cm_sp=personalizedsort-_-browseresults-_-1_13_CÉ

2014-02-13 03:00:40
Checking http://shop.nordstrom.com/s/prana-megan-hooded-jacket/3588366?origin=category-personalizedsort&contextualcategoryid=0&fashionColor=&resultback=4976&cm_sp=personalizedsort-_-browseresults-_-1_13_CÉ

2014-02-13 03:36:41
Checking http://shop.nordstrom.com/s/prana-megan-hooded-jacket/3588366?origin=category-personalizedsort&contextualcategoryid=0&fashionColor=&resultback=4976&cm_sp=personalizedsort-_-browseresults-_-1_13_CÉ

2014-02-13 04:06:38
Checking http://shop.nordstrom.com/s/prana-megan-hooded-jacket/3588366?origin=category-personalizedsort&contextualcategoryid=0&fashionColor=&resultback=4976&cm_sp=personalizedsort-_-browseresults-_-1_13_CÉ

2014-02-13 04:36:38
Checking http://shop.nordstrom.com/s/prana-megan-hooded-jacket/3588366?origin=category-personalizedsort&contextualcategoryid=0&fashionColor=&resultback=4976&cm_sp=personalizedsort-_-browseresults-_-1_13_CÉ

2014-02-13 05:06:38
Checking http://shop.nordstrom.com/s/prana-megan-hooded-jacket/3588366?origin=category-personalizedsort&contextualcategoryid=0&fashionColor=&resultback=4976&cm_sp=personalizedsort-_-browseresults-_-1_13_CÉ

2014-02-13 05:36:39
Checking http://shop.nordstrom.com/s/prana-megan-hooded-jacket/3588366?origin=category-personalizedsort&contextualcategoryid=0&fashionColor=&resultback=4976&cm_sp=personalizedsort-_-browseresults-_-1_13_CÉ

2014-02-13 06:06:30
Checking http://shop.nordstrom.com/s/prana-megan-hooded-jacket/3588366?origin=category-personalizedsort&contextualcategoryid=0&fashionColor=&resultback=4976&cm_sp=personalizedsort-_-browseresults-_-1_13_CÉ

2014-02-13 06:36:33
Checking http://shop.nordstrom.com/s/prana-megan-hooded-jacket/3588366?origin=category-personalizedsort&contextualcategoryid=0&fashionColor=&resultback=4976&cm_sp=personalizedsort-_-browseresults-_-1_13_CÉ

2014-02-13 07:06:30
Checking http://shop.nordstrom.com/s/prana-megan-hooded-jacket/3588366?origin=category-personalizedsort&contextualcategoryid=0&fashionColor=&resultback=4976&cm_sp=personalizedsort-_-browseresults-_-1_13_CÉ

2014-02-13 07:36:33
Checking http://shop.nordstrom.com/s/prana-megan-hooded-jacket/3588366?origin=category-personalizedsort&contextualcategoryid=0&fashionColor=&resultback=4976&cm_sp=personalizedsort-_-browseresults-_-1_13_CÉ

2014-02-13 08:06:30
Checking http://shop.nordstrom.com/s/prana-megan-hooded-jacket/3588366?origin=category-personalizedsort&contextualcategoryid=0&fashionColor=&resultback=4976&cm_sp=personalizedsort-_-browseresults-_-1_13_CÉ

2014-02-13 08:36:31
Checking http://shop.nordstrom.com/s/prana-megan-hooded-jacket/3588366?origin=category-personalizedsort&contextualcategoryid=0&fashionColor=&resultback=4976&cm_sp=personalizedsort-_-browseresults-_-1_13_CÉ

2014-02-13 09:06:30
Checking http://shop.nordstrom.com/s/prana-megan-hooded-jacket/3588366?origin=category-personalizedsort&contextualcategoryid=0&fashionColor=&resultback=4976&cm_sp=personalizedsort-_-browseresults-_-1_13_CÉ

2014-02-13 09:36:33
Checking http://shop.nordstrom.com/s/prana-megan-hooded-jacket/3588366?origin=category-personalizedsort&contextualcategoryid=0&fashionColor=&resultback=4976&cm_sp=personalizedsort-_-browseresults-_-1_13_CÉ

2014-02-13 10:06:31
Checking http://shop.nordstrom.com/s/prana-megan-hooded-jacket/3588366?origin=category-personalizedsort&contextualcategoryid=0&fashionColor=&resultback=4976&cm_sp=personalizedsort-_-browseresults-_-1_13_CÉ

2014-02-13 10:36:31
Checking http://shop.nordstrom.com/s/prana-megan-hooded-jacket/3588366?origin=category-personalizedsort&contextualcategoryid=0&fashionColor=&resultback=4976&cm_sp=personalizedsort-_-browseresults-_-1_13_CÉ

2014-02-13 11:06:30
Checking http://shop.nordstrom.com/s/prana-megan-hooded-jacket/3588366?origin=category-personalizedsort&contextualcategoryid=0&fashionColor=&resultback=4976&cm_sp=personalizedsort-_-browseresults-_-1_13_CÉ

2014-02-13 11:36:31
Checking http://shop.nordstrom.com/s/prana-megan-hooded-jacket/3588366?origin=category-personalizedsort&contextualcategoryid=0&fashionColor=&resultback=4976&cm_sp=personalizedsort-_-browseresults-_-1_13_CÉ

2014-02-13 12:06:30
Checking http://shop.nordstrom.com/s/prana-megan-hooded-jacket/3588366?origin=category-personalizedsort&contextualcategoryid=0&fashionColor=&resultback=4976&cm_sp=personalizedsort-_-browseresults-_-1_13_CÉ

2014-02-13 12:36:31
Checking http://shop.nordstrom.com/s/prana-megan-hooded-jacket/3588366?origin=category-personalizedsort&contextualcategoryid=0&fashionColor=&resultback=4976&cm_sp=personalizedsort-_-browseresults-_-1_13_CÉ

2014-02-13 13:06:30
Checking http://shop.nordstrom.com/s/prana-megan-hooded-jacket/3588366?origin=category-personalizedsort&contextualcategoryid=0&fashionColor=&resultback=4976&cm_sp=personalizedsort-_-browseresults-_-1_13_CÉ

2014-02-13 13:36:30
Checking http://shop.nordstrom.com/s/prana-megan-hooded-jacket/3588366?origin=category-personalizedsort&contextualcategoryid=0&fashionColor=&resultback=4976&cm_sp=personalizedsort-_-browseresults-_-1_13_CÉ

2014-02-13 14:06:31
Checking http://shop.nordstrom.com/s/prana-megan-hooded-jacket/3588366?origin=category-personalizedsort&contextualcategoryid=0&fashionColor=&resultback=4976&cm_sp=personalizedsort-_-browseresults-_-1_13_CÉ

2014-02-13 14:36:32
Checking http://shop.nordstrom.com/s/prana-megan-hooded-jacket/3588366?origin=category-personalizedsort&contextualcategoryid=0&fashionColor=&resultback=4976&cm_sp=personalizedsort-_-browseresults-_-1_13_CÉ

2014-02-13 15:06:29
Checking http://shop.nordstrom.com/s/prana-megan-hooded-jacket/3588366?origin=category-personalizedsort&contextualcategoryid=0&fashionColor=&resultback=4976&cm_sp=personalizedsort-_-browseresults-_-1_13_CÉ

2014-02-13 15:36:30
Checking http://shop.nordstrom.com/s/prana-megan-hooded-jacket/3588366?origin=category-personalizedsort&contextualcategoryid=0&fashionColor=&resultback=4976&cm_sp=personalizedsort-_-browseresults-_-1_13_CÉ

2014-02-13 16:06:32
Checking http://shop.nordstrom.com/s/prana-megan-hooded-jacket/3588366?origin=category-personalizedsort&contextualcategoryid=0&fashionColor=&resultback=4976&cm_sp=personalizedsort-_-browseresults-_-1_13_CÉ

2014-02-13 16:36:29
Checking http://shop.nordstrom.com/s/prana-megan-hooded-jacket/3588366?origin=category-personalizedsort&contextualcategoryid=0&fashionColor=&resultback=4976&cm_sp=personalizedsort-_-browseresults-_-1_13_CÉ

2014-02-13 17:06:30
Checking http://shop.nordstrom.com/s/prana-megan-hooded-jacket/3588366?origin=category-personalizedsort&contextualcategoryid=0&fashionColor=&resultback=4976&cm_sp=personalizedsort-_-browseresults-_-1_13_CÉ

2014-02-13 17:36:29
Checking http://shop.nordstrom.com/s/prana-megan-hooded-jacket/3588366?origin=category-personalizedsort&contextualcategoryid=0&fashionColor=&resultback=4976&cm_sp=personalizedsort-_-browseresults-_-1_13_CÉ

2014-02-13 18:06:29
Checking http://shop.nordstrom.com/s/prana-megan-hooded-jacket/3588366?origin=category-personalizedsort&contextualcategoryid=0&fashionColor=&resultback=4976&cm_sp=personalizedsort-_-browseresults-_-1_13_CÉ

2014-02-13 18:36:43
Checking http://shop.nordstrom.com/s/prana-megan-hooded-jacket/3588366?origin=category-personalizedsort&contextualcategoryid=0&fashionColor=&resultback=4976&cm_sp=personalizedsort-_-browseresults-_-1_13_CÉ

2014-02-13 19:06:31
Checking http://shop.nordstrom.com/s/prana-megan-hooded-jacket/3588366?origin=category-personalizedsort&contextualcategoryid=0&fashionColor=&resultback=4976&cm_sp=personalizedsort-_-browseresults-_-1_13_CÉ

2014-02-13 19:36:29
Checking http://shop.nordstrom.com/s/prana-megan-hooded-jacket/3588366?origin=category-personalizedsort&contextualcategoryid=0&fashionColor=&resultback=4976&cm_sp=personalizedsort-_-browseresults-_-1_13_CÉ

2014-02-13 20:06:31
Checking http://shop.nordstrom.com/s/prana-megan-hooded-jacket/3588366?origin=category-personalizedsort&contextualcategoryid=0&fashionColor=&resultback=4976&cm_sp=personalizedsort-_-browseresults-_-1_13_CÉ

2014-02-13 20:36:35
Checking http://shop.nordstrom.com/s/prana-megan-hooded-jacket/3588366?origin=category-personalizedsort&contextualcategoryid=0&fashionColor=&resultback=4976&cm_sp=personalizedsort-_-browseresults-_-1_13_CÉ

2014-02-13 21:06:30
Checking http://shop.nordstrom.com/s/prana-megan-hooded-jacket/3588366?origin=category-personalizedsort&contextualcategoryid=0&fashionColor=&resultback=4976&cm_sp=personalizedsort-_-browseresults-_-1_13_CÉ

2014-02-13 21:36:35
Checking http://shop.nordstrom.com/s/prana-megan-hooded-jacket/3588366?origin=category-personalizedsort&contextualcategoryid=0&fashionColor=&resultback=4976&cm_sp=personalizedsort-_-browseresults-_-1_13_CÉ

2014-02-13 22:06:29
Checking http://shop.nordstrom.com/s/prana-megan-hooded-jacket/3588366?origin=category-personalizedsort&contextualcategoryid=0&fashionColor=&resultback=4976&cm_sp=personalizedsort-_-browseresults-_-1_13_CÉ

2014-02-13 22:36:30
Checking http://shop.nordstrom.com/s/prana-megan-hooded-jacket/3588366?origin=category-personalizedsort&contextualcategoryid=0&fashionColor=&resultback=4976&cm_sp=personalizedsort-_-browseresults-_-1_13_CÉ

2014-02-13 23:07:27
Checking http://shop.nordstrom.com/s/prana-megan-hooded-jacket/3588366?origin=category-personalizedsort&contextualcategoryid=0&fashionColor=&resultback=4976&cm_sp=personalizedsort-_-browseresults-_-1_13_CÉ

2014-02-14 01:26:52
Checking http://shop.nordstrom.com/s/prana-megan-hooded-jacket/3588366?origin=category-personalizedsort&contextualcategoryid=0&fashionColor=&resultback=4976&cm_sp=personalizedsort-_-browseresults-_-1_13_CÉ

2014-02-14 01:56:50
Checking http://shop.nordstrom.com/s/prana-megan-hooded-jacket/3588366?origin=category-personalizedsort&contextualcategoryid=0&fashionColor=&resultback=4976&cm_sp=personalizedsort-_-browseresults-_-1_13_CÉ

2014-02-14 02:26:46
Checking http://shop.nordstrom.com/s/prana-megan-hooded-jacket/3588366?origin=category-personalizedsort&contextualcategoryid=0&fashionColor=&resultback=4976&cm_sp=personalizedsort-_-browseresults-_-1_13_CÉ

2014-02-14 23:39:52
Checking http://shop.nordstrom.com/s/prana-megan-hooded-jacket/3588366?origin=category-personalizedsort&contextualcategoryid=0&fashionColor=&resultback=4976&cm_sp=personalizedsort-_-browseresults-_-1_13_CÉ

2014-02-15 00:09:47
Checking http://shop.nordstrom.com/s/prana-megan-hooded-jacket/3588366?origin=category-personalizedsort&contextualcategoryid=0&fashionColor=&resultback=4976&cm_sp=personalizedsort-_-browseresults-_-1_13_CÉ

2014-02-15 00:39:47
Checking http://shop.nordstrom.com/s/prana-megan-hooded-jacket/3588366?origin=category-personalizedsort&contextualcategoryid=0&fashionColor=&resultback=4976&cm_sp=personalizedsort-_-browseresults-_-1_13_CÉ

2014-02-15 01:09:46
Checking http://shop.nordstrom.com/s/prana-megan-hooded-jacket/3588366?origin=category-personalizedsort&contextualcategoryid=0&fashionColor=&resultback=4976&cm_sp=personalizedsort-_-browseresults-_-1_13_CÉ

2014-02-15 01:39:47
Checking http://shop.nordstrom.com/s/prana-megan-hooded-jacket/3588366?origin=category-personalizedsort&contextualcategoryid=0&fashionColor=&resultback=4976&cm_sp=personalizedsort-_-browseresults-_-1_13_CÉ

2014-02-15 02:09:47
Checking http://shop.nordstrom.com/s/prana-megan-hooded-jacket/3588366?origin=category-personalizedsort&contextualcategoryid=0&fashionColor=&resultback=4976&cm_sp=personalizedsort-_-browseresults-_-1_13_CÉ

2014-02-15 02:39:49
Checking http://shop.nordstrom.com/s/prana-megan-hooded-jacket/3588366?origin=category-personalizedsort&contextualcategoryid=0&fashionColor=&resultback=4976&cm_sp=personalizedsort-_-browseresults-_-1_13_CÉ

2014-02-15 03:09:47
Checking http://shop.nordstrom.com/s/prana-megan-hooded-jacket/3588366?origin=category-personalizedsort&contextualcategoryid=0&fashionColor=&resultback=4976&cm_sp=personalizedsort-_-browseresults-_-1_13_CÉ

2014-02-15 03:39:49
Checking http://shop.nordstrom.com/s/prana-megan-hooded-jacket/3588366?origin=category-personalizedsort&contextualcategoryid=0&fashionColor=&resultback=4976&cm_sp=personalizedsort-_-browseresults-_-1_13_CÉ

2014-02-15 04:09:46
Checking http://shop.nordstrom.com/s/prana-megan-hooded-jacket/3588366?origin=category-personalizedsort&contextualcategoryid=0&fashionColor=&resultback=4976&cm_sp=personalizedsort-_-browseresults-_-1_13_CÉ

2014-02-15 04:39:46
Checking http://shop.nordstrom.com/s/prana-megan-hooded-jacket/3588366?origin=category-personalizedsort&contextualcategoryid=0&fashionColor=&resultback=4976&cm_sp=personalizedsort-_-browseresults-_-1_13_CÉ

2014-02-15 05:09:46
Checking http://shop.nordstrom.com/s/prana-megan-hooded-jacket/3588366?origin=category-personalizedsort&contextualcategoryid=0&fashionColor=&resultback=4976&cm_sp=personalizedsort-_-browseresults-_-1_13_CÉ

2014-02-15 05:39:46
Checking http://shop.nordstrom.com/s/prana-megan-hooded-jacket/3588366?origin=category-personalizedsort&contextualcategoryid=0&fashionColor=&resultback=4976&cm_sp=personalizedsort-_-browseresults-_-1_13_CÉ

2014-02-15 06:09:46
Checking http://shop.nordstrom.com/s/prana-megan-hooded-jacket/3588366?origin=category-personalizedsort&contextualcategoryid=0&fashionColor=&resultback=4976&cm_sp=personalizedsort-_-browseresults-_-1_13_CÉ

2014-02-15 06:39:46
Checking http://shop.nordstrom.com/s/prana-megan-hooded-jacket/3588366?origin=category-personalizedsort&contextualcategoryid=0&fashionColor=&resultback=4976&cm_sp=personalizedsort-_-browseresults-_-1_13_CÉ

2014-02-15 07:09:46
Checking http://shop.nordstrom.com/s/prana-megan-hooded-jacket/3588366?origin=category-personalizedsort&contextualcategoryid=0&fashionColor=&resultback=4976&cm_sp=personalizedsort-_-browseresults-_-1_13_CÉ

2014-02-15 07:39:46
Checking http://shop.nordstrom.com/s/prana-megan-hooded-jacket/3588366?origin=category-personalizedsort&contextualcategoryid=0&fashionColor=&resultback=4976&cm_sp=personalizedsort-_-browseresults-_-1_13_CÉ

2014-02-15 14:04:16
Checking http://shop.nordstrom.com/s/prana-megan-hooded-jacket/3588366?origin=category-personalizedsort&contextualcategoryid=0&fashionColor=&resultback=4976&cm_sp=personalizedsort-_-browseresults-_-1_13_CÉ

2014-02-15 14:34:03
Checking http://shop.nordstrom.com/s/prana-megan-hooded-jacket/3588366?origin=category-personalizedsort&contextualcategoryid=0&fashionColor=&resultback=4976&cm_sp=personalizedsort-_-browseresults-_-1_13_CÉ

2014-02-16 00:03:03
Checking http://shop.nordstrom.com/s/prana-megan-hooded-jacket/3588366?origin=category-personalizedsort&contextualcategoryid=0&fashionColor=&resultback=4976&cm_sp=personalizedsort-_-browseresults-_-1_13_CÉ

2014-02-16 17:39:20
Checking http://shop.nordstrom.com/s/prana-megan-hooded-jacket/3588366?origin=category-personalizedsort&contextualcategoryid=0&fashionColor=&resultback=4976&cm_sp=personalizedsort-_-browseresults-_-1_13_CÉ

2014-02-16 18:09:20
Checking http://shop.nordstrom.com/s/prana-megan-hooded-jacket/3588366?origin=category-personalizedsort&contextualcategoryid=0&fashionColor=&resultback=4976&cm_sp=personalizedsort-_-browseresults-_-1_13_CÉ

2014-02-16 18:39:30
Checking http://shop.nordstrom.com/s/prana-megan-hooded-jacket/3588366?origin=category-personalizedsort&contextualcategoryid=0&fashionColor=&resultback=4976&cm_sp=personalizedsort-_-browseresults-_-1_13_CÉ

2014-02-16 19:09:21
Checking http://shop.nordstrom.com/s/prana-megan-hooded-jacket/3588366?origin=category-personalizedsort&contextualcategoryid=0&fashionColor=&resultback=4976&cm_sp=personalizedsort-_-browseresults-_-1_13_CÉ

2014-02-16 19:39:25
Checking http://shop.nordstrom.com/s/prana-megan-hooded-jacket/3588366?origin=category-personalizedsort&contextualcategoryid=0&fashionColor=&resultback=4976&cm_sp=personalizedsort-_-browseresults-_-1_13_CÉ

2014-02-16 20:09:21
Checking http://shop.nordstrom.com/s/prana-megan-hooded-jacket/3588366?origin=category-personalizedsort&contextualcategoryid=0&fashionColor=&resultback=4976&cm_sp=personalizedsort-_-browseresults-_-1_13_CÉ

2014-02-16 20:39:27
Checking http://shop.nordstrom.com/s/prana-megan-hooded-jacket/3588366?origin=category-personalizedsort&contextualcategoryid=0&fashionColor=&resultback=4976&cm_sp=personalizedsort-_-browseresults-_-1_13_CÉ

2014-02-16 23:19:33
Checking http://shop.nordstrom.com/s/prana-megan-hooded-jacket/3588366?origin=category-personalizedsort&contextualcategoryid=0&fashionColor=&resultback=4976&cm_sp=personalizedsort-_-browseresults-_-1_13_CÉ

2014-02-16 23:49:36
Checking http://shop.nordstrom.com/s/prana-megan-hooded-jacket/3588366?origin=category-personalizedsort&contextualcategoryid=0&fashionColor=&resultback=4976&cm_sp=personalizedsort-_-browseresults-_-1_13_CÉ

2014-02-17 00:19:27
Checking http://shop.nordstrom.com/s/prana-megan-hooded-jacket/3588366?origin=category-personalizedsort&contextualcategoryid=0&fashionColor=&resultback=4976&cm_sp=personalizedsort-_-browseresults-_-1_13_CÉ

2014-02-17 00:49:27
Checking http://shop.nordstrom.com/s/prana-megan-hooded-jacket/3588366?origin=category-personalizedsort&contextualcategoryid=0&fashionColor=&resultback=4976&cm_sp=personalizedsort-_-browseresults-_-1_13_CÉ

2014-02-17 01:19:26
Checking http://shop.nordstrom.com/s/prana-megan-hooded-jacket/3588366?origin=category-personalizedsort&contextualcategoryid=0&fashionColor=&resultback=4976&cm_sp=personalizedsort-_-browseresults-_-1_13_CÉ

2014-02-17 01:49:26
Checking http://shop.nordstrom.com/s/prana-megan-hooded-jacket/3588366?origin=category-personalizedsort&contextualcategoryid=0&fashionColor=&resultback=4976&cm_sp=personalizedsort-_-browseresults-_-1_13_CÉ

2014-02-17 02:19:26
Checking http://shop.nordstrom.com/s/prana-megan-hooded-jacket/3588366?origin=category-personalizedsort&contextualcategoryid=0&fashionColor=&resultback=4976&cm_sp=personalizedsort-_-browseresults-_-1_13_CÉ

2014-02-17 02:49:31
Checking http://shop.nordstrom.com/s/prana-megan-hooded-jacket/3588366?origin=category-personalizedsort&contextualcategoryid=0&fashionColor=&resultback=4976&cm_sp=personalizedsort-_-browseresults-_-1_13_CÉ

2014-02-17 03:19:26
Checking http://shop.nordstrom.com/s/prana-megan-hooded-jacket/3588366?origin=category-personalizedsort&contextualcategoryid=0&fashionColor=&resultback=4976&cm_sp=personalizedsort-_-browseresults-_-1_13_CÉ

2014-02-18 01:24:08
Checking http://shop.nordstrom.com/s/prana-megan-hooded-jacket/3588366?origin=category-personalizedsort&contextualcategoryid=0&fashionColor=&resultback=4976&cm_sp=personalizedsort-_-browseresults-_-1_13_CÉ

2014-02-18 01:53:13
Checking http://shop.nordstrom.com/s/prana-megan-hooded-jacket/3588366?origin=category-personalizedsort&contextualcategoryid=0&fashionColor=&resultback=4976&cm_sp=personalizedsort-_-browseresults-_-1_13_CÉ

2014-02-18 02:23:11
Checking http://shop.nordstrom.com/s/prana-megan-hooded-jacket/3588366?origin=category-personalizedsort&contextualcategoryid=0&fashionColor=&resultback=4976&cm_sp=personalizedsort-_-browseresults-_-1_13_CÉ

2014-02-18 04:53:09
Checking http://shop.nordstrom.com/s/prana-megan-hooded-jacket/3588366?origin=category-personalizedsort&contextualcategoryid=0&fashionColor=&resultback=4976&cm_sp=personalizedsort-_-browseresults-_-1_13_CÉ

2014-02-19 00:17:44
Checking http://shop.nordstrom.com/s/prana-megan-hooded-jacket/3588366?origin=category-personalizedsort&contextualcategoryid=0&fashionColor=&resultback=4976&cm_sp=personalizedsort-_-browseresults-_-1_13_CÉ

2014-02-19 00:47:25
Checking http://shop.nordstrom.com/s/prana-megan-hooded-jacket/3588366?origin=category-personalizedsort&contextualcategoryid=0&fashionColor=&resultback=4976&cm_sp=personalizedsort-_-browseresults-_-1_13_CÉ

2014-02-19 01:17:27
Checking http://shop.nordstrom.com/s/prana-megan-hooded-jacket/3588366?origin=category-personalizedsort&contextualcategoryid=0&fashionColor=&resultback=4976&cm_sp=personalizedsort-_-browseresults-_-1_13_CÉ

2014-02-19 01:47:25
Checking http://shop.nordstrom.com/s/prana-megan-hooded-jacket/3588366?origin=category-personalizedsort&contextualcategoryid=0&fashionColor=&resultback=4976&cm_sp=personalizedsort-_-browseresults-_-1_13_CÉ

2014-02-19 02:23:56
Checking http://shop.nordstrom.com/s/prana-megan-hooded-jacket/3588366?origin=category-personalizedsort&contextualcategoryid=0&fashionColor=&resultback=4976&cm_sp=personalizedsort-_-browseresults-_-1_13_CÉ

2014-02-20 02:56:04
Checking http://shop.nordstrom.com/s/prana-megan-hooded-jacket/3588366?origin=category-personalizedsort&contextualcategoryid=0&fashionColor=&resultback=4976&cm_sp=personalizedsort-_-browseresults-_-1_13_CÉ

2014-02-20 03:26:11
Checking http://shop.nordstrom.com/s/prana-megan-hooded-jacket/3588366?origin=category-personalizedsort&contextualcategoryid=0&fashionColor=&resultback=4976&cm_sp=personalizedsort-_-browseresults-_-1_13_CÉ

2014-02-21 03:55:55
Checking http://shop.nordstrom.com/s/prana-megan-hooded-jacket/3588366?origin=category-personalizedsort&contextualcategoryid=0&fashionColor=&resultback=4976&cm_sp=personalizedsort-_-browseresults-_-1_13_CÉ

2014-02-22 21:13:41
Checking http://shop.nordstrom.com/s/prana-megan-hooded-jacket/3588366?origin=category-personalizedsort&contextualcategoryid=0&fashionColor=&resultback=4976&cm_sp=personalizedsort-_-browseresults-_-1_13_CÉ

2014-02-23 18:19:28
Checking http://shop.nordstrom.com/s/prana-megan-hooded-jacket/3588366?origin=category-personalizedsort&contextualcategoryid=0&fashionColor=&resultback=4976&cm_sp=personalizedsort-_-browseresults-_-1_13_CÉ

2014-02-23 22:17:14
Checking http://shop.nordstrom.com/s/prana-megan-hooded-jacket/3588366?origin=category-personalizedsort&contextualcategoryid=0&fashionColor=&resultback=4976&cm_sp=personalizedsort-_-browseresults-_-1_13_CÉ

2014-02-23 22:46:35
Checking http://shop.nordstrom.com/s/prana-megan-hooded-jacket/3588366?origin=category-personalizedsort&contextualcategoryid=0&fashionColor=&resultback=4976&cm_sp=personalizedsort-_-browseresults-_-1_13_CÉ

2014-02-23 23:16:34
Checking http://shop.nordstrom.com/s/prana-megan-hooded-jacket/3588366?origin=category-personalizedsort&contextualcategoryid=0&fashionColor=&resultback=4976&cm_sp=personalizedsort-_-browseresults-_-1_13_CÉ

2014-02-23 23:46:21
Checking http://shop.nordstrom.com/s/prana-megan-hooded-jacket/3588366?origin=category-personalizedsort&contextualcategoryid=0&fashionColor=&resultback=4976&cm_sp=personalizedsort-_-browseresults-_-1_13_CÉ

2014-02-24 00:16:21
Checking http://shop.nordstrom.com/s/prana-megan-hooded-jacket/3588366?origin=category-personalizedsort&contextualcategoryid=0&fashionColor=&resultback=4976&cm_sp=personalizedsort-_-browseresults-_-1_13_CÉ

2014-02-24 00:46:22
Checking http://shop.nordstrom.com/s/prana-megan-hooded-jacket/3588366?origin=category-personalizedsort&contextualcategoryid=0&fashionColor=&resultback=4976&cm_sp=personalizedsort-_-browseresults-_-1_13_CÉ

2014-02-24 01:16:19
Checking http://shop.nordstrom.com/s/prana-megan-hooded-jacket/3588366?origin=category-personalizedsort&contextualcategoryid=0&fashionColor=&resultback=4976&cm_sp=personalizedsort-_-browseresults-_-1_13_CÉ

2014-02-24 01:46:18
Checking http://shop.nordstrom.com/s/prana-megan-hooded-jacket/3588366?origin=category-personalizedsort&contextualcategoryid=0&fashionColor=&resultback=4976&cm_sp=personalizedsort-_-browseresults-_-1_13_CÉ

2014-02-24 02:16:18
Checking http://shop.nordstrom.com/s/prana-megan-hooded-jacket/3588366?origin=category-personalizedsort&contextualcategoryid=0&fashionColor=&resultback=4976&cm_sp=personalizedsort-_-browseresults-_-1_13_CÉ

2014-02-24 02:46:18
Checking http://shop.nordstrom.com/s/prana-megan-hooded-jacket/3588366?origin=category-personalizedsort&contextualcategoryid=0&fashionColor=&resultback=4976&cm_sp=personalizedsort-_-browseresults-_-1_13_CÉ

2014-02-24 03:16:17
Checking http://shop.nordstrom.com/s/prana-megan-hooded-jacket/3588366?origin=category-personalizedsort&contextualcategoryid=0&fashionColor=&resultback=4976&cm_sp=personalizedsort-_-browseresults-_-1_13_CÉ

2014-02-24 03:46:17
Checking http://shop.nordstrom.com/s/prana-megan-hooded-jacket/3588366?origin=category-personalizedsort&contextualcategoryid=0&fashionColor=&resultback=4976&cm_sp=personalizedsort-_-browseresults-_-1_13_CÉ

2014-02-25 01:38:13
Checking http://shop.nordstrom.com/s/prana-megan-hooded-jacket/3588366?origin=category-personalizedsort&contextualcategoryid=0&fashionColor=&resultback=4976&cm_sp=personalizedsort-_-browseresults-_-1_13_CÉ

2014-02-25 02:08:06
Checking http://shop.nordstrom.com/s/prana-megan-hooded-jacket/3588366?origin=category-personalizedsort&contextualcategoryid=0&fashionColor=&resultback=4976&cm_sp=personalizedsort-_-browseresults-_-1_13_CÉ

